{"/Users/valentynkhaimyk/Desktop/Beauty Room/controllers/bookings.js": {"path":"/Users/valentynkhaimyk/Desktop/Beauty Room/controllers/bookings.js","all":false,"statementMap":{"0":{"start":{"line":1,"column":0},"end":{"line":1,"column":57}},"1":{"start":{"line":2,"column":0},"end":{"line":2,"column":27}},"2":{"start":{"line":3,"column":0},"end":{"line":3,"column":59}},"3":{"start":{"line":4,"column":0},"end":{"line":4,"column":52}},"4":{"start":{"line":5,"column":0},"end":{"line":5,"column":0}},"5":{"start":{"line":6,"column":0},"end":{"line":6,"column":32}},"6":{"start":{"line":7,"column":0},"end":{"line":7,"column":34}},"7":{"start":{"line":8,"column":0},"end":{"line":8,"column":44}},"8":{"start":{"line":9,"column":0},"end":{"line":9,"column":41}},"9":{"start":{"line":10,"column":0},"end":{"line":10,"column":5}},"10":{"start":{"line":11,"column":0},"end":{"line":11,"column":47}},"11":{"start":{"line":12,"column":0},"end":{"line":12,"column":44}},"12":{"start":{"line":13,"column":0},"end":{"line":13,"column":5}},"13":{"start":{"line":14,"column":0},"end":{"line":14,"column":46}},"14":{"start":{"line":15,"column":0},"end":{"line":15,"column":41}},"15":{"start":{"line":16,"column":0},"end":{"line":16,"column":38}},"16":{"start":{"line":17,"column":0},"end":{"line":17,"column":5}},"17":{"start":{"line":18,"column":0},"end":{"line":18,"column":33}},"18":{"start":{"line":19,"column":0},"end":{"line":19,"column":32}},"19":{"start":{"line":20,"column":0},"end":{"line":20,"column":3}},"20":{"start":{"line":21,"column":0},"end":{"line":21,"column":40}},"21":{"start":{"line":22,"column":0},"end":{"line":22,"column":34}},"22":{"start":{"line":23,"column":0},"end":{"line":23,"column":37}},"23":{"start":{"line":24,"column":0},"end":{"line":24,"column":36}},"24":{"start":{"line":25,"column":0},"end":{"line":25,"column":33}},"25":{"start":{"line":26,"column":0},"end":{"line":26,"column":32}},"26":{"start":{"line":27,"column":0},"end":{"line":27,"column":3}},"27":{"start":{"line":28,"column":0},"end":{"line":28,"column":0}},"28":{"start":{"line":29,"column":0},"end":{"line":29,"column":39}},"29":{"start":{"line":30,"column":0},"end":{"line":30,"column":55}},"30":{"start":{"line":31,"column":0},"end":{"line":31,"column":46}},"31":{"start":{"line":32,"column":0},"end":{"line":32,"column":14}},"32":{"start":{"line":33,"column":0},"end":{"line":33,"column":71}},"33":{"start":{"line":34,"column":0},"end":{"line":34,"column":3}},"34":{"start":{"line":35,"column":0},"end":{"line":35,"column":9}},"35":{"start":{"line":36,"column":0},"end":{"line":36,"column":2}},"36":{"start":{"line":37,"column":0},"end":{"line":37,"column":0}},"37":{"start":{"line":38,"column":0},"end":{"line":38,"column":3}},"38":{"start":{"line":39,"column":0},"end":{"line":39,"column":28}},"39":{"start":{"line":40,"column":0},"end":{"line":40,"column":76}},"40":{"start":{"line":41,"column":0},"end":{"line":41,"column":18}},"41":{"start":{"line":42,"column":0},"end":{"line":42,"column":3}},"42":{"start":{"line":43,"column":0},"end":{"line":43,"column":39}},"43":{"start":{"line":44,"column":0},"end":{"line":44,"column":7}},"44":{"start":{"line":45,"column":0},"end":{"line":45,"column":55}},"45":{"start":{"line":46,"column":0},"end":{"line":46,"column":36}},"46":{"start":{"line":47,"column":0},"end":{"line":47,"column":0}},"47":{"start":{"line":48,"column":0},"end":{"line":48,"column":49}},"48":{"start":{"line":49,"column":0},"end":{"line":49,"column":31}},"49":{"start":{"line":50,"column":0},"end":{"line":50,"column":13}},"50":{"start":{"line":51,"column":0},"end":{"line":51,"column":20}},"51":{"start":{"line":52,"column":0},"end":{"line":52,"column":40}},"52":{"start":{"line":53,"column":0},"end":{"line":53,"column":18}},"53":{"start":{"line":54,"column":0},"end":{"line":54,"column":53}},"54":{"start":{"line":55,"column":0},"end":{"line":55,"column":56}},"55":{"start":{"line":56,"column":0},"end":{"line":56,"column":10}},"56":{"start":{"line":57,"column":0},"end":{"line":57,"column":9}},"57":{"start":{"line":58,"column":0},"end":{"line":58,"column":64}},"58":{"start":{"line":59,"column":0},"end":{"line":59,"column":7}},"59":{"start":{"line":60,"column":0},"end":{"line":60,"column":0}},"60":{"start":{"line":61,"column":0},"end":{"line":61,"column":80}},"61":{"start":{"line":62,"column":0},"end":{"line":62,"column":17}},"62":{"start":{"line":63,"column":0},"end":{"line":63,"column":14}},"63":{"start":{"line":64,"column":0},"end":{"line":64,"column":3}},"64":{"start":{"line":65,"column":0},"end":{"line":65,"column":2}},"65":{"start":{"line":66,"column":0},"end":{"line":66,"column":0}},"66":{"start":{"line":67,"column":0},"end":{"line":67,"column":3}},"67":{"start":{"line":68,"column":0},"end":{"line":68,"column":31}},"68":{"start":{"line":69,"column":0},"end":{"line":69,"column":28}},"69":{"start":{"line":70,"column":0},"end":{"line":70,"column":18}},"70":{"start":{"line":71,"column":0},"end":{"line":71,"column":3}},"71":{"start":{"line":72,"column":0},"end":{"line":72,"column":46}},"72":{"start":{"line":73,"column":0},"end":{"line":73,"column":7}},"73":{"start":{"line":74,"column":0},"end":{"line":74,"column":53}},"74":{"start":{"line":75,"column":0},"end":{"line":75,"column":35}},"75":{"start":{"line":76,"column":0},"end":{"line":76,"column":16}},"76":{"start":{"line":77,"column":0},"end":{"line":77,"column":51}},"77":{"start":{"line":78,"column":0},"end":{"line":78,"column":54}},"78":{"start":{"line":79,"column":0},"end":{"line":79,"column":8}},"79":{"start":{"line":80,"column":0},"end":{"line":80,"column":7}},"80":{"start":{"line":81,"column":0},"end":{"line":81,"column":19}},"81":{"start":{"line":82,"column":0},"end":{"line":82,"column":73}},"82":{"start":{"line":83,"column":0},"end":{"line":83,"column":5}},"83":{"start":{"line":84,"column":0},"end":{"line":84,"column":29}},"84":{"start":{"line":85,"column":0},"end":{"line":85,"column":17}},"85":{"start":{"line":86,"column":0},"end":{"line":86,"column":50}},"86":{"start":{"line":87,"column":0},"end":{"line":87,"column":14}},"87":{"start":{"line":88,"column":0},"end":{"line":88,"column":3}},"88":{"start":{"line":89,"column":0},"end":{"line":89,"column":2}},"89":{"start":{"line":90,"column":0},"end":{"line":90,"column":0}},"90":{"start":{"line":91,"column":0},"end":{"line":91,"column":3}},"91":{"start":{"line":92,"column":0},"end":{"line":92,"column":32}},"92":{"start":{"line":93,"column":0},"end":{"line":93,"column":29}},"93":{"start":{"line":94,"column":0},"end":{"line":94,"column":18}},"94":{"start":{"line":95,"column":0},"end":{"line":95,"column":3}},"95":{"start":{"line":96,"column":0},"end":{"line":96,"column":39}},"96":{"start":{"line":97,"column":0},"end":{"line":97,"column":60}},"97":{"start":{"line":98,"column":0},"end":{"line":98,"column":7}},"98":{"start":{"line":99,"column":0},"end":{"line":99,"column":53}},"99":{"start":{"line":100,"column":0},"end":{"line":100,"column":28}},"100":{"start":{"line":101,"column":0},"end":{"line":101,"column":7}},"101":{"start":{"line":102,"column":0},"end":{"line":102,"column":22}},"102":{"start":{"line":103,"column":0},"end":{"line":103,"column":70}},"103":{"start":{"line":104,"column":0},"end":{"line":104,"column":5}},"104":{"start":{"line":105,"column":0},"end":{"line":105,"column":0}},"105":{"start":{"line":106,"column":0},"end":{"line":106,"column":34}},"106":{"start":{"line":107,"column":0},"end":{"line":107,"column":59}},"107":{"start":{"line":108,"column":0},"end":{"line":108,"column":31}},"108":{"start":{"line":109,"column":0},"end":{"line":109,"column":7}},"109":{"start":{"line":110,"column":0},"end":{"line":110,"column":25}},"110":{"start":{"line":111,"column":0},"end":{"line":111,"column":73}},"111":{"start":{"line":112,"column":0},"end":{"line":112,"column":5}},"112":{"start":{"line":113,"column":0},"end":{"line":113,"column":52}},"113":{"start":{"line":114,"column":0},"end":{"line":114,"column":13}},"114":{"start":{"line":115,"column":0},"end":{"line":115,"column":13}},"115":{"start":{"line":116,"column":0},"end":{"line":116,"column":18}},"116":{"start":{"line":117,"column":0},"end":{"line":117,"column":69}},"117":{"start":{"line":118,"column":0},"end":{"line":118,"column":10}},"118":{"start":{"line":119,"column":0},"end":{"line":119,"column":15}},"119":{"start":{"line":120,"column":0},"end":{"line":120,"column":66}},"120":{"start":{"line":121,"column":0},"end":{"line":121,"column":10}},"121":{"start":{"line":122,"column":0},"end":{"line":122,"column":14}},"122":{"start":{"line":123,"column":0},"end":{"line":123,"column":13}},"123":{"start":{"line":124,"column":0},"end":{"line":124,"column":8}},"124":{"start":{"line":125,"column":0},"end":{"line":125,"column":16}},"125":{"start":{"line":126,"column":0},"end":{"line":126,"column":51}},"126":{"start":{"line":127,"column":0},"end":{"line":127,"column":54}},"127":{"start":{"line":128,"column":0},"end":{"line":128,"column":8}},"128":{"start":{"line":129,"column":0},"end":{"line":129,"column":7}},"129":{"start":{"line":130,"column":0},"end":{"line":130,"column":33}},"130":{"start":{"line":131,"column":0},"end":{"line":131,"column":20}},"131":{"start":{"line":132,"column":0},"end":{"line":132,"column":23}},"132":{"start":{"line":133,"column":0},"end":{"line":133,"column":46}},"133":{"start":{"line":134,"column":0},"end":{"line":134,"column":7}},"134":{"start":{"line":135,"column":0},"end":{"line":135,"column":17}},"135":{"start":{"line":136,"column":0},"end":{"line":136,"column":50}},"136":{"start":{"line":137,"column":0},"end":{"line":137,"column":14}},"137":{"start":{"line":138,"column":0},"end":{"line":138,"column":3}},"138":{"start":{"line":139,"column":0},"end":{"line":139,"column":2}},"139":{"start":{"line":140,"column":0},"end":{"line":140,"column":0}},"140":{"start":{"line":141,"column":0},"end":{"line":141,"column":3}},"141":{"start":{"line":142,"column":0},"end":{"line":142,"column":36}},"142":{"start":{"line":143,"column":0},"end":{"line":143,"column":25}},"143":{"start":{"line":144,"column":0},"end":{"line":144,"column":18}},"144":{"start":{"line":145,"column":0},"end":{"line":145,"column":3}},"145":{"start":{"line":146,"column":0},"end":{"line":146,"column":40}},"146":{"start":{"line":147,"column":0},"end":{"line":147,"column":60}},"147":{"start":{"line":148,"column":0},"end":{"line":148,"column":7}},"148":{"start":{"line":149,"column":0},"end":{"line":149,"column":53}},"149":{"start":{"line":150,"column":0},"end":{"line":150,"column":28}},"150":{"start":{"line":151,"column":0},"end":{"line":151,"column":7}},"151":{"start":{"line":152,"column":0},"end":{"line":152,"column":22}},"152":{"start":{"line":153,"column":0},"end":{"line":153,"column":70}},"153":{"start":{"line":154,"column":0},"end":{"line":154,"column":5}},"154":{"start":{"line":155,"column":0},"end":{"line":155,"column":0}},"155":{"start":{"line":156,"column":0},"end":{"line":156,"column":34}},"156":{"start":{"line":157,"column":0},"end":{"line":157,"column":59}},"157":{"start":{"line":158,"column":0},"end":{"line":158,"column":31}},"158":{"start":{"line":159,"column":0},"end":{"line":159,"column":7}},"159":{"start":{"line":160,"column":0},"end":{"line":160,"column":25}},"160":{"start":{"line":161,"column":0},"end":{"line":161,"column":73}},"161":{"start":{"line":162,"column":0},"end":{"line":162,"column":5}},"162":{"start":{"line":163,"column":0},"end":{"line":163,"column":61}},"163":{"start":{"line":164,"column":0},"end":{"line":164,"column":35}},"164":{"start":{"line":165,"column":0},"end":{"line":165,"column":7}},"165":{"start":{"line":166,"column":0},"end":{"line":166,"column":27}},"166":{"start":{"line":167,"column":0},"end":{"line":167,"column":73}},"167":{"start":{"line":168,"column":0},"end":{"line":168,"column":5}},"168":{"start":{"line":169,"column":0},"end":{"line":169,"column":0}},"169":{"start":{"line":170,"column":0},"end":{"line":170,"column":56}},"170":{"start":{"line":171,"column":0},"end":{"line":171,"column":35}},"171":{"start":{"line":172,"column":0},"end":{"line":172,"column":13}},"172":{"start":{"line":173,"column":0},"end":{"line":173,"column":13}},"173":{"start":{"line":174,"column":0},"end":{"line":174,"column":18}},"174":{"start":{"line":175,"column":0},"end":{"line":175,"column":69}},"175":{"start":{"line":176,"column":0},"end":{"line":176,"column":10}},"176":{"start":{"line":177,"column":0},"end":{"line":177,"column":15}},"177":{"start":{"line":178,"column":0},"end":{"line":178,"column":66}},"178":{"start":{"line":179,"column":0},"end":{"line":179,"column":10}},"179":{"start":{"line":180,"column":0},"end":{"line":180,"column":14}},"180":{"start":{"line":181,"column":0},"end":{"line":181,"column":13}},"181":{"start":{"line":182,"column":0},"end":{"line":182,"column":8}},"182":{"start":{"line":183,"column":0},"end":{"line":183,"column":16}},"183":{"start":{"line":184,"column":0},"end":{"line":184,"column":51}},"184":{"start":{"line":185,"column":0},"end":{"line":185,"column":54}},"185":{"start":{"line":186,"column":0},"end":{"line":186,"column":8}},"186":{"start":{"line":187,"column":0},"end":{"line":187,"column":7}},"187":{"start":{"line":188,"column":0},"end":{"line":188,"column":36}},"188":{"start":{"line":189,"column":0},"end":{"line":189,"column":17}},"189":{"start":{"line":190,"column":0},"end":{"line":190,"column":50}},"190":{"start":{"line":191,"column":0},"end":{"line":191,"column":14}},"191":{"start":{"line":192,"column":0},"end":{"line":192,"column":3}},"192":{"start":{"line":193,"column":0},"end":{"line":193,"column":2}},"193":{"start":{"line":194,"column":0},"end":{"line":194,"column":0}},"194":{"start":{"line":195,"column":0},"end":{"line":195,"column":3}},"195":{"start":{"line":196,"column":0},"end":{"line":196,"column":41}},"196":{"start":{"line":197,"column":0},"end":{"line":197,"column":25}},"197":{"start":{"line":198,"column":0},"end":{"line":198,"column":18}},"198":{"start":{"line":199,"column":0},"end":{"line":199,"column":3}},"199":{"start":{"line":200,"column":0},"end":{"line":200,"column":42}},"200":{"start":{"line":201,"column":0},"end":{"line":201,"column":7}},"201":{"start":{"line":202,"column":0},"end":{"line":202,"column":61}},"202":{"start":{"line":203,"column":0},"end":{"line":203,"column":35}},"203":{"start":{"line":204,"column":0},"end":{"line":204,"column":7}},"204":{"start":{"line":205,"column":0},"end":{"line":205,"column":27}},"205":{"start":{"line":206,"column":0},"end":{"line":206,"column":73}},"206":{"start":{"line":207,"column":0},"end":{"line":207,"column":5}},"207":{"start":{"line":208,"column":0},"end":{"line":208,"column":0}},"208":{"start":{"line":209,"column":0},"end":{"line":209,"column":66}},"209":{"start":{"line":210,"column":0},"end":{"line":210,"column":48}},"210":{"start":{"line":211,"column":0},"end":{"line":211,"column":17}},"211":{"start":{"line":212,"column":0},"end":{"line":212,"column":50}},"212":{"start":{"line":213,"column":0},"end":{"line":213,"column":14}},"213":{"start":{"line":214,"column":0},"end":{"line":214,"column":3}},"214":{"start":{"line":215,"column":0},"end":{"line":215,"column":2}},"215":{"start":{"line":216,"column":0},"end":{"line":216,"column":0}},"216":{"start":{"line":217,"column":0},"end":{"line":217,"column":18}},"217":{"start":{"line":218,"column":0},"end":{"line":218,"column":6}},"218":{"start":{"line":219,"column":0},"end":{"line":219,"column":13}},"219":{"start":{"line":220,"column":0},"end":{"line":220,"column":43}},"220":{"start":{"line":221,"column":0},"end":{"line":221,"column":51}},"221":{"start":{"line":222,"column":0},"end":{"line":222,"column":9}},"222":{"start":{"line":223,"column":0},"end":{"line":223,"column":2}}},"s":{"0":1,"1":1,"2":1,"3":1,"4":1,"5":1,"6":1,"7":1,"8":1,"9":1,"10":1,"11":1,"12":1,"13":1,"14":1,"15":1,"16":1,"17":1,"18":1,"19":1,"20":1,"21":1,"22":1,"23":1,"24":1,"25":1,"26":1,"27":1,"28":1,"29":1,"30":5,"31":5,"32":1,"33":1,"34":4,"35":4,"36":1,"37":1,"38":1,"39":1,"40":1,"41":1,"42":1,"43":1,"44":1,"45":1,"46":1,"47":1,"48":1,"49":1,"50":1,"51":1,"52":1,"53":1,"54":1,"55":1,"56":1,"57":1,"58":1,"59":1,"60":1,"61":1,"62":0,"63":0,"64":1,"65":1,"66":1,"67":1,"68":1,"69":1,"70":1,"71":1,"72":2,"73":2,"74":2,"75":2,"76":2,"77":2,"78":2,"79":2,"80":2,"81":1,"82":1,"83":1,"84":2,"85":0,"86":0,"87":0,"88":2,"89":1,"90":1,"91":1,"92":1,"93":1,"94":1,"95":1,"96":2,"97":2,"98":2,"99":2,"100":2,"101":2,"102":1,"103":1,"104":1,"105":1,"106":1,"107":1,"108":1,"109":2,"110":0,"111":0,"112":1,"113":1,"114":1,"115":1,"116":1,"117":1,"118":1,"119":1,"120":1,"121":1,"122":1,"123":1,"124":1,"125":1,"126":1,"127":1,"128":1,"129":1,"130":1,"131":1,"132":1,"133":1,"134":2,"135":0,"136":0,"137":0,"138":2,"139":1,"140":1,"141":1,"142":1,"143":1,"144":1,"145":1,"146":2,"147":2,"148":2,"149":2,"150":2,"151":2,"152":0,"153":0,"154":2,"155":2,"156":2,"157":2,"158":2,"159":2,"160":0,"161":0,"162":2,"163":2,"164":2,"165":2,"166":1,"167":1,"168":1,"169":1,"170":1,"171":1,"172":1,"173":1,"174":1,"175":1,"176":1,"177":1,"178":1,"179":1,"180":1,"181":1,"182":1,"183":1,"184":1,"185":1,"186":1,"187":1,"188":2,"189":0,"190":0,"191":0,"192":2,"193":1,"194":1,"195":1,"196":1,"197":1,"198":1,"199":1,"200":2,"201":2,"202":2,"203":2,"204":2,"205":1,"206":1,"207":1,"208":1,"209":1,"210":2,"211":0,"212":0,"213":0,"214":2,"215":1,"216":1,"217":1,"218":1,"219":1,"220":1,"221":1,"222":1},"branchMap":{"0":{"type":"branch","line":30,"loc":{"start":{"line":30,"column":23},"end":{"line":36,"column":2}},"locations":[{"start":{"line":30,"column":23},"end":{"line":36,"column":2}}]},"1":{"type":"branch","line":30,"loc":{"start":{"line":30,"column":34},"end":{"line":36,"column":2}},"locations":[{"start":{"line":30,"column":34},"end":{"line":36,"column":2}}]},"2":{"type":"branch","line":32,"loc":{"start":{"line":32,"column":13},"end":{"line":34,"column":3}},"locations":[{"start":{"line":32,"column":13},"end":{"line":34,"column":3}}]},"3":{"type":"branch","line":34,"loc":{"start":{"line":34,"column":2},"end":{"line":36,"column":2}},"locations":[{"start":{"line":34,"column":2},"end":{"line":36,"column":2}}]},"4":{"type":"branch","line":43,"loc":{"start":{"line":43,"column":12},"end":{"line":65,"column":2}},"locations":[{"start":{"line":43,"column":12},"end":{"line":65,"column":2}}]},"5":{"type":"branch","line":52,"loc":{"start":{"line":52,"column":21},"end":{"line":52,"column":34}},"locations":[{"start":{"line":52,"column":21},"end":{"line":52,"column":34}}]},"6":{"type":"branch","line":58,"loc":{"start":{"line":58,"column":42},"end":{"line":58,"column":55}},"locations":[{"start":{"line":58,"column":42},"end":{"line":58,"column":55}}]},"7":{"type":"branch","line":62,"loc":{"start":{"line":62,"column":4},"end":{"line":64,"column":3}},"locations":[{"start":{"line":62,"column":4},"end":{"line":64,"column":3}}]},"8":{"type":"branch","line":72,"loc":{"start":{"line":72,"column":19},"end":{"line":89,"column":2}},"locations":[{"start":{"line":72,"column":19},"end":{"line":89,"column":2}}]},"9":{"type":"branch","line":81,"loc":{"start":{"line":81,"column":18},"end":{"line":85,"column":4}},"locations":[{"start":{"line":81,"column":18},"end":{"line":85,"column":4}}]},"10":{"type":"branch","line":85,"loc":{"start":{"line":85,"column":4},"end":{"line":88,"column":3}},"locations":[{"start":{"line":85,"column":4},"end":{"line":88,"column":3}}]},"11":{"type":"branch","line":96,"loc":{"start":{"line":96,"column":12},"end":{"line":139,"column":2}},"locations":[{"start":{"line":96,"column":12},"end":{"line":139,"column":2}}]},"12":{"type":"branch","line":102,"loc":{"start":{"line":102,"column":21},"end":{"line":110,"column":24}},"locations":[{"start":{"line":102,"column":21},"end":{"line":110,"column":24}}]},"13":{"type":"branch","line":110,"loc":{"start":{"line":110,"column":24},"end":{"line":112,"column":5}},"locations":[{"start":{"line":110,"column":24},"end":{"line":112,"column":5}}]},"14":{"type":"branch","line":112,"loc":{"start":{"line":112,"column":4},"end":{"line":135,"column":4}},"locations":[{"start":{"line":112,"column":4},"end":{"line":135,"column":4}}]},"15":{"type":"branch","line":135,"loc":{"start":{"line":135,"column":4},"end":{"line":138,"column":3}},"locations":[{"start":{"line":135,"column":4},"end":{"line":138,"column":3}}]},"16":{"type":"branch","line":146,"loc":{"start":{"line":146,"column":13},"end":{"line":193,"column":2}},"locations":[{"start":{"line":146,"column":13},"end":{"line":193,"column":2}}]},"17":{"type":"branch","line":152,"loc":{"start":{"line":152,"column":21},"end":{"line":154,"column":5}},"locations":[{"start":{"line":152,"column":21},"end":{"line":154,"column":5}}]},"18":{"type":"branch","line":160,"loc":{"start":{"line":160,"column":24},"end":{"line":162,"column":5}},"locations":[{"start":{"line":160,"column":24},"end":{"line":162,"column":5}}]},"19":{"type":"branch","line":166,"loc":{"start":{"line":166,"column":26},"end":{"line":189,"column":4}},"locations":[{"start":{"line":166,"column":26},"end":{"line":189,"column":4}}]},"20":{"type":"branch","line":189,"loc":{"start":{"line":189,"column":4},"end":{"line":192,"column":3}},"locations":[{"start":{"line":189,"column":4},"end":{"line":192,"column":3}}]},"21":{"type":"branch","line":200,"loc":{"start":{"line":200,"column":15},"end":{"line":215,"column":2}},"locations":[{"start":{"line":200,"column":15},"end":{"line":215,"column":2}}]},"22":{"type":"branch","line":205,"loc":{"start":{"line":205,"column":26},"end":{"line":211,"column":4}},"locations":[{"start":{"line":205,"column":26},"end":{"line":211,"column":4}}]},"23":{"type":"branch","line":211,"loc":{"start":{"line":211,"column":4},"end":{"line":214,"column":3}},"locations":[{"start":{"line":211,"column":4},"end":{"line":214,"column":3}}]}},"b":{"0":[12],"1":[5],"2":[1],"3":[4],"4":[1],"5":[0],"6":[0],"7":[0],"8":[2],"9":[1],"10":[0],"11":[2],"12":[1],"13":[0],"14":[1],"15":[0],"16":[2],"17":[0],"18":[0],"19":[1],"20":[0],"21":[2],"22":[1],"23":[0]},"fnMap":{"0":{"name":"validateInput","decl":{"start":{"line":30,"column":23},"end":{"line":36,"column":2}},"loc":{"start":{"line":30,"column":23},"end":{"line":36,"column":2}},"line":30},"1":{"name":"all","decl":{"start":{"line":43,"column":12},"end":{"line":65,"column":2}},"loc":{"start":{"line":43,"column":12},"end":{"line":65,"column":2}},"line":43},"2":{"name":"getBooking","decl":{"start":{"line":72,"column":19},"end":{"line":89,"column":2}},"loc":{"start":{"line":72,"column":19},"end":{"line":89,"column":2}},"line":72},"3":{"name":"add","decl":{"start":{"line":96,"column":12},"end":{"line":139,"column":2}},"loc":{"start":{"line":96,"column":12},"end":{"line":139,"column":2}},"line":96},"4":{"name":"edit","decl":{"start":{"line":146,"column":13},"end":{"line":193,"column":2}},"loc":{"start":{"line":146,"column":13},"end":{"line":193,"column":2}},"line":146},"5":{"name":"remove","decl":{"start":{"line":200,"column":15},"end":{"line":215,"column":2}},"loc":{"start":{"line":200,"column":15},"end":{"line":215,"column":2}},"line":200}},"f":{"0":12,"1":1,"2":2,"3":2,"4":2,"5":2}}
,"/Users/valentynkhaimyk/Desktop/Beauty Room/controllers/categories.js": {"path":"/Users/valentynkhaimyk/Desktop/Beauty Room/controllers/categories.js","all":false,"statementMap":{"0":{"start":{"line":1,"column":0},"end":{"line":1,"column":57}},"1":{"start":{"line":2,"column":0},"end":{"line":2,"column":27}},"2":{"start":{"line":3,"column":0},"end":{"line":3,"column":61}},"3":{"start":{"line":4,"column":0},"end":{"line":4,"column":56}},"4":{"start":{"line":5,"column":0},"end":{"line":5,"column":52}},"5":{"start":{"line":6,"column":0},"end":{"line":6,"column":0}},"6":{"start":{"line":7,"column":0},"end":{"line":7,"column":34}},"7":{"start":{"line":8,"column":0},"end":{"line":8,"column":41}},"8":{"start":{"line":9,"column":0},"end":{"line":9,"column":42}},"9":{"start":{"line":10,"column":0},"end":{"line":10,"column":41}},"10":{"start":{"line":11,"column":0},"end":{"line":11,"column":38}},"11":{"start":{"line":12,"column":0},"end":{"line":12,"column":5}},"12":{"start":{"line":13,"column":0},"end":{"line":13,"column":44}},"13":{"start":{"line":14,"column":0},"end":{"line":14,"column":38}},"14":{"start":{"line":15,"column":0},"end":{"line":15,"column":5}},"15":{"start":{"line":16,"column":0},"end":{"line":16,"column":3}},"16":{"start":{"line":17,"column":0},"end":{"line":17,"column":0}},"17":{"start":{"line":18,"column":0},"end":{"line":18,"column":41}},"18":{"start":{"line":19,"column":0},"end":{"line":19,"column":42}},"19":{"start":{"line":20,"column":0},"end":{"line":20,"column":38}},"20":{"start":{"line":21,"column":0},"end":{"line":21,"column":5}},"21":{"start":{"line":22,"column":0},"end":{"line":22,"column":3}},"22":{"start":{"line":23,"column":0},"end":{"line":23,"column":0}},"23":{"start":{"line":24,"column":0},"end":{"line":24,"column":3}},"24":{"start":{"line":25,"column":0},"end":{"line":25,"column":55}},"25":{"start":{"line":26,"column":0},"end":{"line":26,"column":3}},"26":{"start":{"line":27,"column":0},"end":{"line":27,"column":3}},"27":{"start":{"line":28,"column":0},"end":{"line":28,"column":28}},"28":{"start":{"line":29,"column":0},"end":{"line":29,"column":57}},"29":{"start":{"line":30,"column":0},"end":{"line":30,"column":18}},"30":{"start":{"line":31,"column":0},"end":{"line":31,"column":3}},"31":{"start":{"line":32,"column":0},"end":{"line":32,"column":39}},"32":{"start":{"line":33,"column":0},"end":{"line":33,"column":7}},"33":{"start":{"line":34,"column":0},"end":{"line":34,"column":11}},"34":{"start":{"line":35,"column":0},"end":{"line":35,"column":15}},"35":{"start":{"line":36,"column":0},"end":{"line":36,"column":17}},"36":{"start":{"line":37,"column":0},"end":{"line":37,"column":27}},"37":{"start":{"line":38,"column":0},"end":{"line":38,"column":20}},"38":{"start":{"line":39,"column":0},"end":{"line":39,"column":18}},"39":{"start":{"line":40,"column":0},"end":{"line":40,"column":36}},"40":{"start":{"line":41,"column":0},"end":{"line":41,"column":51}},"41":{"start":{"line":42,"column":0},"end":{"line":42,"column":32}},"42":{"start":{"line":43,"column":0},"end":{"line":43,"column":13}},"43":{"start":{"line":44,"column":0},"end":{"line":44,"column":20}},"44":{"start":{"line":45,"column":0},"end":{"line":45,"column":64}},"45":{"start":{"line":46,"column":0},"end":{"line":46,"column":9}},"46":{"start":{"line":47,"column":0},"end":{"line":47,"column":30}},"47":{"start":{"line":48,"column":0},"end":{"line":48,"column":7}},"48":{"start":{"line":49,"column":0},"end":{"line":49,"column":0}},"49":{"start":{"line":50,"column":0},"end":{"line":50,"column":14}},"50":{"start":{"line":51,"column":0},"end":{"line":51,"column":18}},"51":{"start":{"line":52,"column":0},"end":{"line":52,"column":62}},"52":{"start":{"line":53,"column":0},"end":{"line":53,"column":19}},"53":{"start":{"line":54,"column":0},"end":{"line":54,"column":51}},"54":{"start":{"line":55,"column":0},"end":{"line":55,"column":23}},"55":{"start":{"line":56,"column":0},"end":{"line":56,"column":3}},"56":{"start":{"line":57,"column":0},"end":{"line":57,"column":2}},"57":{"start":{"line":58,"column":0},"end":{"line":58,"column":0}},"58":{"start":{"line":59,"column":0},"end":{"line":59,"column":3}},"59":{"start":{"line":60,"column":0},"end":{"line":60,"column":31}},"60":{"start":{"line":61,"column":0},"end":{"line":61,"column":27}},"61":{"start":{"line":62,"column":0},"end":{"line":62,"column":18}},"62":{"start":{"line":63,"column":0},"end":{"line":63,"column":3}},"63":{"start":{"line":64,"column":0},"end":{"line":64,"column":47}},"64":{"start":{"line":65,"column":0},"end":{"line":65,"column":7}},"65":{"start":{"line":66,"column":0},"end":{"line":66,"column":30}},"66":{"start":{"line":67,"column":0},"end":{"line":67,"column":73}},"67":{"start":{"line":68,"column":0},"end":{"line":68,"column":20}},"68":{"start":{"line":69,"column":0},"end":{"line":69,"column":74}},"69":{"start":{"line":70,"column":0},"end":{"line":70,"column":5}},"70":{"start":{"line":71,"column":0},"end":{"line":71,"column":30}},"71":{"start":{"line":72,"column":0},"end":{"line":72,"column":19}},"72":{"start":{"line":73,"column":0},"end":{"line":73,"column":51}},"73":{"start":{"line":74,"column":0},"end":{"line":74,"column":23}},"74":{"start":{"line":75,"column":0},"end":{"line":75,"column":3}},"75":{"start":{"line":76,"column":0},"end":{"line":76,"column":2}},"76":{"start":{"line":77,"column":0},"end":{"line":77,"column":0}},"77":{"start":{"line":78,"column":0},"end":{"line":78,"column":3}},"78":{"start":{"line":79,"column":0},"end":{"line":79,"column":32}},"79":{"start":{"line":80,"column":0},"end":{"line":80,"column":30}},"80":{"start":{"line":81,"column":0},"end":{"line":81,"column":18}},"81":{"start":{"line":82,"column":0},"end":{"line":82,"column":3}},"82":{"start":{"line":83,"column":0},"end":{"line":83,"column":39}},"83":{"start":{"line":84,"column":0},"end":{"line":84,"column":7}},"84":{"start":{"line":85,"column":0},"end":{"line":85,"column":38}},"85":{"start":{"line":86,"column":0},"end":{"line":86,"column":0}},"86":{"start":{"line":87,"column":0},"end":{"line":87,"column":18}},"87":{"start":{"line":88,"column":0},"end":{"line":88,"column":69}},"88":{"start":{"line":89,"column":0},"end":{"line":89,"column":5}},"89":{"start":{"line":90,"column":0},"end":{"line":90,"column":0}},"90":{"start":{"line":91,"column":0},"end":{"line":91,"column":51}},"91":{"start":{"line":92,"column":0},"end":{"line":92,"column":13}},"92":{"start":{"line":93,"column":0},"end":{"line":93,"column":13}},"93":{"start":{"line":94,"column":0},"end":{"line":94,"column":15}},"94":{"start":{"line":95,"column":0},"end":{"line":95,"column":34}},"95":{"start":{"line":96,"column":0},"end":{"line":96,"column":10}},"96":{"start":{"line":97,"column":0},"end":{"line":97,"column":8}},"97":{"start":{"line":98,"column":0},"end":{"line":98,"column":7}},"98":{"start":{"line":99,"column":0},"end":{"line":99,"column":42}},"99":{"start":{"line":100,"column":0},"end":{"line":100,"column":19}},"100":{"start":{"line":101,"column":0},"end":{"line":101,"column":23}},"101":{"start":{"line":102,"column":0},"end":{"line":102,"column":3}},"102":{"start":{"line":103,"column":0},"end":{"line":103,"column":2}},"103":{"start":{"line":104,"column":0},"end":{"line":104,"column":0}},"104":{"start":{"line":105,"column":0},"end":{"line":105,"column":3}},"105":{"start":{"line":106,"column":0},"end":{"line":106,"column":36}},"106":{"start":{"line":107,"column":0},"end":{"line":107,"column":26}},"107":{"start":{"line":108,"column":0},"end":{"line":108,"column":18}},"108":{"start":{"line":109,"column":0},"end":{"line":109,"column":3}},"109":{"start":{"line":110,"column":0},"end":{"line":110,"column":40}},"110":{"start":{"line":111,"column":0},"end":{"line":111,"column":7}},"111":{"start":{"line":112,"column":0},"end":{"line":112,"column":30}},"112":{"start":{"line":113,"column":0},"end":{"line":113,"column":30}},"113":{"start":{"line":114,"column":0},"end":{"line":114,"column":0}},"114":{"start":{"line":115,"column":0},"end":{"line":115,"column":63}},"115":{"start":{"line":116,"column":0},"end":{"line":116,"column":20}},"116":{"start":{"line":117,"column":0},"end":{"line":117,"column":7}},"117":{"start":{"line":118,"column":0},"end":{"line":118,"column":28}},"118":{"start":{"line":119,"column":0},"end":{"line":119,"column":74}},"119":{"start":{"line":120,"column":0},"end":{"line":120,"column":5}},"120":{"start":{"line":121,"column":0},"end":{"line":121,"column":0}},"121":{"start":{"line":122,"column":0},"end":{"line":122,"column":58}},"122":{"start":{"line":123,"column":0},"end":{"line":123,"column":20}},"123":{"start":{"line":124,"column":0},"end":{"line":124,"column":21}},"124":{"start":{"line":125,"column":0},"end":{"line":125,"column":7}},"125":{"start":{"line":126,"column":0},"end":{"line":126,"column":37}},"126":{"start":{"line":127,"column":0},"end":{"line":127,"column":19}},"127":{"start":{"line":128,"column":0},"end":{"line":128,"column":51}},"128":{"start":{"line":129,"column":0},"end":{"line":129,"column":23}},"129":{"start":{"line":130,"column":0},"end":{"line":130,"column":3}},"130":{"start":{"line":131,"column":0},"end":{"line":131,"column":2}},"131":{"start":{"line":132,"column":0},"end":{"line":132,"column":0}},"132":{"start":{"line":133,"column":0},"end":{"line":133,"column":3}},"133":{"start":{"line":134,"column":0},"end":{"line":134,"column":41}},"134":{"start":{"line":135,"column":0},"end":{"line":135,"column":26}},"135":{"start":{"line":136,"column":0},"end":{"line":136,"column":18}},"136":{"start":{"line":137,"column":0},"end":{"line":137,"column":3}},"137":{"start":{"line":138,"column":0},"end":{"line":138,"column":42}},"138":{"start":{"line":139,"column":0},"end":{"line":139,"column":7}},"139":{"start":{"line":140,"column":0},"end":{"line":140,"column":30}},"140":{"start":{"line":141,"column":0},"end":{"line":141,"column":0}},"141":{"start":{"line":142,"column":0},"end":{"line":142,"column":63}},"142":{"start":{"line":143,"column":0},"end":{"line":143,"column":20}},"143":{"start":{"line":144,"column":0},"end":{"line":144,"column":7}},"144":{"start":{"line":145,"column":0},"end":{"line":145,"column":28}},"145":{"start":{"line":146,"column":0},"end":{"line":146,"column":74}},"146":{"start":{"line":147,"column":0},"end":{"line":147,"column":5}},"147":{"start":{"line":148,"column":0},"end":{"line":148,"column":0}},"148":{"start":{"line":149,"column":0},"end":{"line":149,"column":52}},"149":{"start":{"line":150,"column":0},"end":{"line":150,"column":48}},"150":{"start":{"line":151,"column":0},"end":{"line":151,"column":19}},"151":{"start":{"line":152,"column":0},"end":{"line":152,"column":51}},"152":{"start":{"line":153,"column":0},"end":{"line":153,"column":23}},"153":{"start":{"line":154,"column":0},"end":{"line":154,"column":3}},"154":{"start":{"line":155,"column":0},"end":{"line":155,"column":2}},"155":{"start":{"line":156,"column":0},"end":{"line":156,"column":0}},"156":{"start":{"line":157,"column":0},"end":{"line":157,"column":18}},"157":{"start":{"line":158,"column":0},"end":{"line":158,"column":6}},"158":{"start":{"line":159,"column":0},"end":{"line":159,"column":14}},"159":{"start":{"line":160,"column":0},"end":{"line":160,"column":50}},"160":{"start":{"line":161,"column":0},"end":{"line":161,"column":52}},"161":{"start":{"line":162,"column":0},"end":{"line":162,"column":9}},"162":{"start":{"line":163,"column":0},"end":{"line":163,"column":2}}},"s":{"0":1,"1":1,"2":1,"3":1,"4":1,"5":1,"6":1,"7":1,"8":1,"9":1,"10":1,"11":1,"12":1,"13":1,"14":1,"15":1,"16":1,"17":1,"18":1,"19":1,"20":1,"21":1,"22":1,"23":1,"24":1,"25":1,"26":1,"27":1,"28":1,"29":1,"30":1,"31":1,"32":1,"33":1,"34":1,"35":1,"36":1,"37":1,"38":1,"39":1,"40":1,"41":1,"42":1,"43":1,"44":1,"45":1,"46":1,"47":1,"48":1,"49":1,"50":1,"51":1,"52":1,"53":0,"54":0,"55":0,"56":1,"57":1,"58":1,"59":1,"60":1,"61":1,"62":1,"63":1,"64":2,"65":2,"66":2,"67":2,"68":1,"69":1,"70":1,"71":2,"72":0,"73":0,"74":0,"75":2,"76":1,"77":1,"78":1,"79":1,"80":1,"81":1,"82":1,"83":3,"84":3,"85":3,"86":3,"87":1,"88":1,"89":2,"90":2,"91":2,"92":2,"93":2,"94":2,"95":2,"96":2,"97":2,"98":1,"99":1,"100":1,"101":1,"102":3,"103":1,"104":1,"105":1,"106":1,"107":1,"108":1,"109":1,"110":2,"111":2,"112":2,"113":2,"114":2,"115":2,"116":2,"117":2,"118":1,"119":1,"120":1,"121":1,"122":1,"123":1,"124":1,"125":1,"126":2,"127":0,"128":0,"129":0,"130":2,"131":1,"132":1,"133":1,"134":1,"135":1,"136":1,"137":1,"138":2,"139":2,"140":2,"141":2,"142":2,"143":2,"144":2,"145":1,"146":1,"147":1,"148":1,"149":1,"150":2,"151":0,"152":0,"153":0,"154":2,"155":1,"156":1,"157":1,"158":1,"159":1,"160":1,"161":1,"162":1},"branchMap":{"0":{"type":"branch","line":32,"loc":{"start":{"line":32,"column":12},"end":{"line":57,"column":2}},"locations":[{"start":{"line":32,"column":12},"end":{"line":57,"column":2}}]},"1":{"type":"branch","line":45,"loc":{"start":{"line":45,"column":52},"end":{"line":45,"column":62}},"locations":[{"start":{"line":45,"column":52},"end":{"line":45,"column":62}}]},"2":{"type":"branch","line":53,"loc":{"start":{"line":53,"column":4},"end":{"line":56,"column":3}},"locations":[{"start":{"line":53,"column":4},"end":{"line":56,"column":3}}]},"3":{"type":"branch","line":64,"loc":{"start":{"line":64,"column":20},"end":{"line":76,"column":2}},"locations":[{"start":{"line":64,"column":20},"end":{"line":76,"column":2}}]},"4":{"type":"branch","line":68,"loc":{"start":{"line":68,"column":19},"end":{"line":72,"column":4}},"locations":[{"start":{"line":68,"column":19},"end":{"line":72,"column":4}}]},"5":{"type":"branch","line":72,"loc":{"start":{"line":72,"column":4},"end":{"line":75,"column":3}},"locations":[{"start":{"line":72,"column":4},"end":{"line":75,"column":3}}]},"6":{"type":"branch","line":83,"loc":{"start":{"line":83,"column":12},"end":{"line":103,"column":2}},"locations":[{"start":{"line":83,"column":12},"end":{"line":103,"column":2}}]},"7":{"type":"branch","line":87,"loc":{"start":{"line":87,"column":17},"end":{"line":89,"column":5}},"locations":[{"start":{"line":87,"column":17},"end":{"line":89,"column":5}}]},"8":{"type":"branch","line":89,"loc":{"start":{"line":89,"column":4},"end":{"line":98,"column":7}},"locations":[{"start":{"line":89,"column":4},"end":{"line":98,"column":7}}]},"9":{"type":"branch","line":98,"loc":{"start":{"line":98,"column":6},"end":{"line":102,"column":3}},"locations":[{"start":{"line":98,"column":6},"end":{"line":102,"column":3}}]},"10":{"type":"branch","line":110,"loc":{"start":{"line":110,"column":13},"end":{"line":131,"column":2}},"locations":[{"start":{"line":110,"column":13},"end":{"line":131,"column":2}}]},"11":{"type":"branch","line":118,"loc":{"start":{"line":118,"column":27},"end":{"line":127,"column":4}},"locations":[{"start":{"line":118,"column":27},"end":{"line":127,"column":4}}]},"12":{"type":"branch","line":127,"loc":{"start":{"line":127,"column":4},"end":{"line":130,"column":3}},"locations":[{"start":{"line":127,"column":4},"end":{"line":130,"column":3}}]},"13":{"type":"branch","line":138,"loc":{"start":{"line":138,"column":15},"end":{"line":155,"column":2}},"locations":[{"start":{"line":138,"column":15},"end":{"line":155,"column":2}}]},"14":{"type":"branch","line":145,"loc":{"start":{"line":145,"column":27},"end":{"line":151,"column":4}},"locations":[{"start":{"line":145,"column":27},"end":{"line":151,"column":4}}]},"15":{"type":"branch","line":151,"loc":{"start":{"line":151,"column":4},"end":{"line":154,"column":3}},"locations":[{"start":{"line":151,"column":4},"end":{"line":154,"column":3}}]}},"b":{"0":[1],"1":[0],"2":[0],"3":[2],"4":[1],"5":[0],"6":[3],"7":[1],"8":[2],"9":[1],"10":[2],"11":[1],"12":[0],"13":[2],"14":[1],"15":[0]},"fnMap":{"0":{"name":"all","decl":{"start":{"line":32,"column":12},"end":{"line":57,"column":2}},"loc":{"start":{"line":32,"column":12},"end":{"line":57,"column":2}},"line":32},"1":{"name":"getCategory","decl":{"start":{"line":64,"column":20},"end":{"line":76,"column":2}},"loc":{"start":{"line":64,"column":20},"end":{"line":76,"column":2}},"line":64},"2":{"name":"add","decl":{"start":{"line":83,"column":12},"end":{"line":103,"column":2}},"loc":{"start":{"line":83,"column":12},"end":{"line":103,"column":2}},"line":83},"3":{"name":"edit","decl":{"start":{"line":110,"column":13},"end":{"line":131,"column":2}},"loc":{"start":{"line":110,"column":13},"end":{"line":131,"column":2}},"line":110},"4":{"name":"remove","decl":{"start":{"line":138,"column":15},"end":{"line":155,"column":2}},"loc":{"start":{"line":138,"column":15},"end":{"line":155,"column":2}},"line":138}},"f":{"0":1,"1":2,"2":3,"3":2,"4":2}}
,"/Users/valentynkhaimyk/Desktop/Beauty Room/controllers/clients.js": {"path":"/Users/valentynkhaimyk/Desktop/Beauty Room/controllers/clients.js","all":false,"statementMap":{"0":{"start":{"line":1,"column":0},"end":{"line":1,"column":57}},"1":{"start":{"line":2,"column":0},"end":{"line":2,"column":27}},"2":{"start":{"line":3,"column":0},"end":{"line":3,"column":52}},"3":{"start":{"line":4,"column":0},"end":{"line":4,"column":0}},"4":{"start":{"line":5,"column":0},"end":{"line":5,"column":31}},"5":{"start":{"line":6,"column":0},"end":{"line":6,"column":33}},"6":{"start":{"line":7,"column":0},"end":{"line":7,"column":42}},"7":{"start":{"line":8,"column":0},"end":{"line":8,"column":41}},"8":{"start":{"line":9,"column":0},"end":{"line":9,"column":38}},"9":{"start":{"line":10,"column":0},"end":{"line":10,"column":5}},"10":{"start":{"line":11,"column":0},"end":{"line":11,"column":36}},"11":{"start":{"line":12,"column":0},"end":{"line":12,"column":27}},"12":{"start":{"line":13,"column":0},"end":{"line":13,"column":27}},"13":{"start":{"line":14,"column":0},"end":{"line":14,"column":15}},"14":{"start":{"line":15,"column":0},"end":{"line":15,"column":15}},"15":{"start":{"line":16,"column":0},"end":{"line":16,"column":44}},"16":{"start":{"line":17,"column":0},"end":{"line":17,"column":41}},"17":{"start":{"line":18,"column":0},"end":{"line":18,"column":57}},"18":{"start":{"line":19,"column":0},"end":{"line":19,"column":7}},"19":{"start":{"line":20,"column":0},"end":{"line":20,"column":3}},"20":{"start":{"line":21,"column":0},"end":{"line":21,"column":0}},"21":{"start":{"line":22,"column":0},"end":{"line":22,"column":3}},"22":{"start":{"line":23,"column":0},"end":{"line":23,"column":35}},"23":{"start":{"line":24,"column":0},"end":{"line":24,"column":3}},"24":{"start":{"line":25,"column":0},"end":{"line":25,"column":55}},"25":{"start":{"line":26,"column":0},"end":{"line":26,"column":46}},"26":{"start":{"line":27,"column":0},"end":{"line":27,"column":14}},"27":{"start":{"line":28,"column":0},"end":{"line":28,"column":69}},"28":{"start":{"line":29,"column":0},"end":{"line":29,"column":3}},"29":{"start":{"line":30,"column":0},"end":{"line":30,"column":9}},"30":{"start":{"line":31,"column":0},"end":{"line":31,"column":2}},"31":{"start":{"line":32,"column":0},"end":{"line":32,"column":0}},"32":{"start":{"line":33,"column":0},"end":{"line":33,"column":3}},"33":{"start":{"line":34,"column":0},"end":{"line":34,"column":26}},"34":{"start":{"line":35,"column":0},"end":{"line":35,"column":42}},"35":{"start":{"line":36,"column":0},"end":{"line":36,"column":18}},"36":{"start":{"line":37,"column":0},"end":{"line":37,"column":3}},"37":{"start":{"line":38,"column":0},"end":{"line":38,"column":39}},"38":{"start":{"line":39,"column":0},"end":{"line":39,"column":7}},"39":{"start":{"line":40,"column":0},"end":{"line":40,"column":47}},"40":{"start":{"line":41,"column":0},"end":{"line":41,"column":50}},"41":{"start":{"line":42,"column":0},"end":{"line":42,"column":31}},"42":{"start":{"line":43,"column":0},"end":{"line":43,"column":26}},"43":{"start":{"line":44,"column":0},"end":{"line":44,"column":7}},"44":{"start":{"line":45,"column":0},"end":{"line":45,"column":46}},"45":{"start":{"line":46,"column":0},"end":{"line":46,"column":21}},"46":{"start":{"line":47,"column":0},"end":{"line":47,"column":20}},"47":{"start":{"line":48,"column":0},"end":{"line":48,"column":25}},"48":{"start":{"line":49,"column":0},"end":{"line":49,"column":27}},"49":{"start":{"line":50,"column":0},"end":{"line":50,"column":43}},"50":{"start":{"line":51,"column":0},"end":{"line":51,"column":24}},"51":{"start":{"line":52,"column":0},"end":{"line":52,"column":7}},"52":{"start":{"line":53,"column":0},"end":{"line":53,"column":19}},"53":{"start":{"line":54,"column":0},"end":{"line":54,"column":60}},"54":{"start":{"line":55,"column":0},"end":{"line":55,"column":16}},"55":{"start":{"line":56,"column":0},"end":{"line":56,"column":3}},"56":{"start":{"line":57,"column":0},"end":{"line":57,"column":2}},"57":{"start":{"line":58,"column":0},"end":{"line":58,"column":0}},"58":{"start":{"line":59,"column":0},"end":{"line":59,"column":3}},"59":{"start":{"line":60,"column":0},"end":{"line":60,"column":29}},"60":{"start":{"line":61,"column":0},"end":{"line":61,"column":25}},"61":{"start":{"line":62,"column":0},"end":{"line":62,"column":18}},"62":{"start":{"line":63,"column":0},"end":{"line":63,"column":3}},"63":{"start":{"line":64,"column":0},"end":{"line":64,"column":45}},"64":{"start":{"line":65,"column":0},"end":{"line":65,"column":7}},"65":{"start":{"line":66,"column":0},"end":{"line":66,"column":30}},"66":{"start":{"line":67,"column":0},"end":{"line":67,"column":69}},"67":{"start":{"line":68,"column":0},"end":{"line":68,"column":18}},"68":{"start":{"line":69,"column":0},"end":{"line":69,"column":70}},"69":{"start":{"line":70,"column":0},"end":{"line":70,"column":5}},"70":{"start":{"line":71,"column":0},"end":{"line":71,"column":28}},"71":{"start":{"line":72,"column":0},"end":{"line":72,"column":19}},"72":{"start":{"line":73,"column":0},"end":{"line":73,"column":59}},"73":{"start":{"line":74,"column":0},"end":{"line":74,"column":16}},"74":{"start":{"line":75,"column":0},"end":{"line":75,"column":3}},"75":{"start":{"line":76,"column":0},"end":{"line":76,"column":2}},"76":{"start":{"line":77,"column":0},"end":{"line":77,"column":0}},"77":{"start":{"line":78,"column":0},"end":{"line":78,"column":3}},"78":{"start":{"line":79,"column":0},"end":{"line":79,"column":30}},"79":{"start":{"line":80,"column":0},"end":{"line":80,"column":28}},"80":{"start":{"line":81,"column":0},"end":{"line":81,"column":18}},"81":{"start":{"line":82,"column":0},"end":{"line":82,"column":3}},"82":{"start":{"line":83,"column":0},"end":{"line":83,"column":39}},"83":{"start":{"line":84,"column":0},"end":{"line":84,"column":7}},"84":{"start":{"line":85,"column":0},"end":{"line":85,"column":53}},"85":{"start":{"line":86,"column":0},"end":{"line":86,"column":47}},"86":{"start":{"line":87,"column":0},"end":{"line":87,"column":44}},"87":{"start":{"line":88,"column":0},"end":{"line":88,"column":7}},"88":{"start":{"line":89,"column":0},"end":{"line":89,"column":40}},"89":{"start":{"line":90,"column":0},"end":{"line":90,"column":19}},"90":{"start":{"line":91,"column":0},"end":{"line":91,"column":59}},"91":{"start":{"line":92,"column":0},"end":{"line":92,"column":16}},"92":{"start":{"line":93,"column":0},"end":{"line":93,"column":3}},"93":{"start":{"line":94,"column":0},"end":{"line":94,"column":2}},"94":{"start":{"line":95,"column":0},"end":{"line":95,"column":0}},"95":{"start":{"line":96,"column":0},"end":{"line":96,"column":3}},"96":{"start":{"line":97,"column":0},"end":{"line":97,"column":34}},"97":{"start":{"line":98,"column":0},"end":{"line":98,"column":24}},"98":{"start":{"line":99,"column":0},"end":{"line":99,"column":18}},"99":{"start":{"line":100,"column":0},"end":{"line":100,"column":3}},"100":{"start":{"line":101,"column":0},"end":{"line":101,"column":40}},"101":{"start":{"line":102,"column":0},"end":{"line":102,"column":7}},"102":{"start":{"line":103,"column":0},"end":{"line":103,"column":30}},"103":{"start":{"line":104,"column":0},"end":{"line":104,"column":53}},"104":{"start":{"line":105,"column":0},"end":{"line":105,"column":0}},"105":{"start":{"line":106,"column":0},"end":{"line":106,"column":77}},"106":{"start":{"line":107,"column":0},"end":{"line":107,"column":26}},"107":{"start":{"line":108,"column":0},"end":{"line":108,"column":70}},"108":{"start":{"line":109,"column":0},"end":{"line":109,"column":5}},"109":{"start":{"line":110,"column":0},"end":{"line":110,"column":0}},"110":{"start":{"line":111,"column":0},"end":{"line":111,"column":54}},"111":{"start":{"line":112,"column":0},"end":{"line":112,"column":20}},"112":{"start":{"line":113,"column":0},"end":{"line":113,"column":44}},"113":{"start":{"line":114,"column":0},"end":{"line":114,"column":7}},"114":{"start":{"line":115,"column":0},"end":{"line":115,"column":35}},"115":{"start":{"line":116,"column":0},"end":{"line":116,"column":19}},"116":{"start":{"line":117,"column":0},"end":{"line":117,"column":59}},"117":{"start":{"line":118,"column":0},"end":{"line":118,"column":16}},"118":{"start":{"line":119,"column":0},"end":{"line":119,"column":3}},"119":{"start":{"line":120,"column":0},"end":{"line":120,"column":2}},"120":{"start":{"line":121,"column":0},"end":{"line":121,"column":0}},"121":{"start":{"line":122,"column":0},"end":{"line":122,"column":3}},"122":{"start":{"line":123,"column":0},"end":{"line":123,"column":39}},"123":{"start":{"line":124,"column":0},"end":{"line":124,"column":24}},"124":{"start":{"line":125,"column":0},"end":{"line":125,"column":18}},"125":{"start":{"line":126,"column":0},"end":{"line":126,"column":3}},"126":{"start":{"line":127,"column":0},"end":{"line":127,"column":42}},"127":{"start":{"line":128,"column":0},"end":{"line":128,"column":7}},"128":{"start":{"line":129,"column":0},"end":{"line":129,"column":30}},"129":{"start":{"line":130,"column":0},"end":{"line":130,"column":0}},"130":{"start":{"line":131,"column":0},"end":{"line":131,"column":77}},"131":{"start":{"line":132,"column":0},"end":{"line":132,"column":26}},"132":{"start":{"line":133,"column":0},"end":{"line":133,"column":70}},"133":{"start":{"line":134,"column":0},"end":{"line":134,"column":5}},"134":{"start":{"line":135,"column":0},"end":{"line":135,"column":0}},"135":{"start":{"line":136,"column":0},"end":{"line":136,"column":50}},"136":{"start":{"line":137,"column":0},"end":{"line":137,"column":48}},"137":{"start":{"line":138,"column":0},"end":{"line":138,"column":19}},"138":{"start":{"line":139,"column":0},"end":{"line":139,"column":59}},"139":{"start":{"line":140,"column":0},"end":{"line":140,"column":16}},"140":{"start":{"line":141,"column":0},"end":{"line":141,"column":3}},"141":{"start":{"line":142,"column":0},"end":{"line":142,"column":2}},"142":{"start":{"line":143,"column":0},"end":{"line":143,"column":0}},"143":{"start":{"line":144,"column":0},"end":{"line":144,"column":18}},"144":{"start":{"line":145,"column":0},"end":{"line":145,"column":6}},"145":{"start":{"line":146,"column":0},"end":{"line":146,"column":12}},"146":{"start":{"line":147,"column":0},"end":{"line":147,"column":42}},"147":{"start":{"line":148,"column":0},"end":{"line":148,"column":44}},"148":{"start":{"line":149,"column":0},"end":{"line":149,"column":9}},"149":{"start":{"line":150,"column":0},"end":{"line":150,"column":2}}},"s":{"0":1,"1":1,"2":1,"3":1,"4":1,"5":1,"6":1,"7":1,"8":1,"9":1,"10":1,"11":1,"12":1,"13":1,"14":1,"15":1,"16":1,"17":1,"18":1,"19":1,"20":1,"21":1,"22":1,"23":1,"24":1,"25":6,"26":6,"27":3,"28":3,"29":3,"30":3,"31":1,"32":1,"33":1,"34":1,"35":1,"36":1,"37":1,"38":1,"39":1,"40":1,"41":1,"42":1,"43":1,"44":1,"45":1,"46":1,"47":1,"48":1,"49":1,"50":1,"51":1,"52":1,"53":0,"54":0,"55":0,"56":1,"57":1,"58":1,"59":1,"60":1,"61":1,"62":1,"63":1,"64":2,"65":2,"66":2,"67":2,"68":1,"69":1,"70":1,"71":2,"72":0,"73":0,"74":0,"75":2,"76":1,"77":1,"78":1,"79":1,"80":1,"81":1,"82":1,"83":1,"84":1,"85":1,"86":1,"87":1,"88":1,"89":1,"90":0,"91":0,"92":0,"93":1,"94":1,"95":1,"96":1,"97":1,"98":1,"99":1,"100":1,"101":2,"102":2,"103":2,"104":2,"105":2,"106":2,"107":1,"108":1,"109":1,"110":1,"111":1,"112":1,"113":1,"114":1,"115":2,"116":0,"117":0,"118":0,"119":2,"120":1,"121":1,"122":1,"123":1,"124":1,"125":1,"126":1,"127":2,"128":2,"129":2,"130":2,"131":2,"132":1,"133":1,"134":1,"135":1,"136":1,"137":2,"138":0,"139":0,"140":0,"141":2,"142":1,"143":1,"144":1,"145":1,"146":1,"147":1,"148":1,"149":1},"branchMap":{"0":{"type":"branch","line":25,"loc":{"start":{"line":25,"column":23},"end":{"line":31,"column":2}},"locations":[{"start":{"line":25,"column":23},"end":{"line":31,"column":2}}]},"1":{"type":"branch","line":25,"loc":{"start":{"line":25,"column":34},"end":{"line":31,"column":2}},"locations":[{"start":{"line":25,"column":34},"end":{"line":31,"column":2}}]},"2":{"type":"branch","line":27,"loc":{"start":{"line":27,"column":13},"end":{"line":31,"column":2}},"locations":[{"start":{"line":27,"column":13},"end":{"line":31,"column":2}}]},"3":{"type":"branch","line":38,"loc":{"start":{"line":38,"column":12},"end":{"line":57,"column":2}},"locations":[{"start":{"line":38,"column":12},"end":{"line":57,"column":2}}]},"4":{"type":"branch","line":53,"loc":{"start":{"line":53,"column":4},"end":{"line":56,"column":3}},"locations":[{"start":{"line":53,"column":4},"end":{"line":56,"column":3}}]},"5":{"type":"branch","line":64,"loc":{"start":{"line":64,"column":18},"end":{"line":76,"column":2}},"locations":[{"start":{"line":64,"column":18},"end":{"line":76,"column":2}}]},"6":{"type":"branch","line":68,"loc":{"start":{"line":68,"column":17},"end":{"line":72,"column":4}},"locations":[{"start":{"line":68,"column":17},"end":{"line":72,"column":4}}]},"7":{"type":"branch","line":72,"loc":{"start":{"line":72,"column":4},"end":{"line":75,"column":3}},"locations":[{"start":{"line":72,"column":4},"end":{"line":75,"column":3}}]},"8":{"type":"branch","line":83,"loc":{"start":{"line":83,"column":12},"end":{"line":94,"column":2}},"locations":[{"start":{"line":83,"column":12},"end":{"line":94,"column":2}}]},"9":{"type":"branch","line":90,"loc":{"start":{"line":90,"column":4},"end":{"line":93,"column":3}},"locations":[{"start":{"line":90,"column":4},"end":{"line":93,"column":3}}]},"10":{"type":"branch","line":101,"loc":{"start":{"line":101,"column":13},"end":{"line":120,"column":2}},"locations":[{"start":{"line":101,"column":13},"end":{"line":120,"column":2}}]},"11":{"type":"branch","line":107,"loc":{"start":{"line":107,"column":25},"end":{"line":116,"column":4}},"locations":[{"start":{"line":107,"column":25},"end":{"line":116,"column":4}}]},"12":{"type":"branch","line":116,"loc":{"start":{"line":116,"column":4},"end":{"line":119,"column":3}},"locations":[{"start":{"line":116,"column":4},"end":{"line":119,"column":3}}]},"13":{"type":"branch","line":127,"loc":{"start":{"line":127,"column":15},"end":{"line":142,"column":2}},"locations":[{"start":{"line":127,"column":15},"end":{"line":142,"column":2}}]},"14":{"type":"branch","line":132,"loc":{"start":{"line":132,"column":25},"end":{"line":138,"column":4}},"locations":[{"start":{"line":132,"column":25},"end":{"line":138,"column":4}}]},"15":{"type":"branch","line":138,"loc":{"start":{"line":138,"column":4},"end":{"line":141,"column":3}},"locations":[{"start":{"line":138,"column":4},"end":{"line":141,"column":3}}]}},"b":{"0":[12],"1":[6],"2":[3],"3":[1],"4":[0],"5":[2],"6":[1],"7":[0],"8":[1],"9":[0],"10":[2],"11":[1],"12":[0],"13":[2],"14":[1],"15":[0]},"fnMap":{"0":{"name":"validateInput","decl":{"start":{"line":25,"column":23},"end":{"line":31,"column":2}},"loc":{"start":{"line":25,"column":23},"end":{"line":31,"column":2}},"line":25},"1":{"name":"all","decl":{"start":{"line":38,"column":12},"end":{"line":57,"column":2}},"loc":{"start":{"line":38,"column":12},"end":{"line":57,"column":2}},"line":38},"2":{"name":"getClient","decl":{"start":{"line":64,"column":18},"end":{"line":76,"column":2}},"loc":{"start":{"line":64,"column":18},"end":{"line":76,"column":2}},"line":64},"3":{"name":"add","decl":{"start":{"line":83,"column":12},"end":{"line":94,"column":2}},"loc":{"start":{"line":83,"column":12},"end":{"line":94,"column":2}},"line":83},"4":{"name":"edit","decl":{"start":{"line":101,"column":13},"end":{"line":120,"column":2}},"loc":{"start":{"line":101,"column":13},"end":{"line":120,"column":2}},"line":101},"5":{"name":"remove","decl":{"start":{"line":127,"column":15},"end":{"line":142,"column":2}},"loc":{"start":{"line":127,"column":15},"end":{"line":142,"column":2}},"line":127}},"f":{"0":12,"1":1,"2":2,"3":1,"4":2,"5":2}}
,"/Users/valentynkhaimyk/Desktop/Beauty Room/controllers/reviews.js": {"path":"/Users/valentynkhaimyk/Desktop/Beauty Room/controllers/reviews.js","all":false,"statementMap":{"0":{"start":{"line":1,"column":0},"end":{"line":1,"column":57}},"1":{"start":{"line":2,"column":0},"end":{"line":2,"column":27}},"2":{"start":{"line":3,"column":0},"end":{"line":3,"column":59}},"3":{"start":{"line":4,"column":0},"end":{"line":4,"column":52}},"4":{"start":{"line":5,"column":0},"end":{"line":5,"column":0}},"5":{"start":{"line":6,"column":0},"end":{"line":6,"column":31}},"6":{"start":{"line":7,"column":0},"end":{"line":7,"column":33}},"7":{"start":{"line":8,"column":0},"end":{"line":8,"column":58}},"8":{"start":{"line":9,"column":0},"end":{"line":9,"column":43}},"9":{"start":{"line":10,"column":0},"end":{"line":10,"column":36}},"10":{"start":{"line":11,"column":0},"end":{"line":11,"column":36}},"11":{"start":{"line":12,"column":0},"end":{"line":12,"column":5}},"12":{"start":{"line":13,"column":0},"end":{"line":13,"column":35}},"13":{"start":{"line":14,"column":0},"end":{"line":14,"column":47}},"14":{"start":{"line":15,"column":0},"end":{"line":15,"column":44}},"15":{"start":{"line":16,"column":0},"end":{"line":16,"column":5}},"16":{"start":{"line":17,"column":0},"end":{"line":17,"column":46}},"17":{"start":{"line":18,"column":0},"end":{"line":18,"column":40}},"18":{"start":{"line":19,"column":0},"end":{"line":19,"column":5}},"19":{"start":{"line":20,"column":0},"end":{"line":20,"column":44}},"20":{"start":{"line":21,"column":0},"end":{"line":21,"column":38}},"21":{"start":{"line":22,"column":0},"end":{"line":22,"column":5}},"22":{"start":{"line":23,"column":0},"end":{"line":23,"column":3}},"23":{"start":{"line":24,"column":0},"end":{"line":24,"column":0}},"24":{"start":{"line":25,"column":0},"end":{"line":25,"column":39}},"25":{"start":{"line":26,"column":0},"end":{"line":26,"column":55}},"26":{"start":{"line":27,"column":0},"end":{"line":27,"column":46}},"27":{"start":{"line":28,"column":0},"end":{"line":28,"column":14}},"28":{"start":{"line":29,"column":0},"end":{"line":29,"column":71}},"29":{"start":{"line":30,"column":0},"end":{"line":30,"column":3}},"30":{"start":{"line":31,"column":0},"end":{"line":31,"column":9}},"31":{"start":{"line":32,"column":0},"end":{"line":32,"column":2}},"32":{"start":{"line":33,"column":0},"end":{"line":33,"column":0}},"33":{"start":{"line":34,"column":0},"end":{"line":34,"column":76}},"34":{"start":{"line":35,"column":0},"end":{"line":35,"column":15}},"35":{"start":{"line":36,"column":0},"end":{"line":36,"column":79}},"36":{"start":{"line":37,"column":0},"end":{"line":37,"column":55}},"37":{"start":{"line":38,"column":0},"end":{"line":38,"column":3}},"38":{"start":{"line":39,"column":0},"end":{"line":39,"column":17}},"39":{"start":{"line":40,"column":0},"end":{"line":40,"column":57}},"40":{"start":{"line":41,"column":0},"end":{"line":41,"column":30}},"41":{"start":{"line":42,"column":0},"end":{"line":42,"column":7}},"42":{"start":{"line":43,"column":0},"end":{"line":43,"column":59}},"43":{"start":{"line":44,"column":0},"end":{"line":44,"column":3}},"44":{"start":{"line":45,"column":0},"end":{"line":45,"column":18}},"45":{"start":{"line":46,"column":0},"end":{"line":46,"column":59}},"46":{"start":{"line":47,"column":0},"end":{"line":47,"column":31}},"47":{"start":{"line":48,"column":0},"end":{"line":48,"column":7}},"48":{"start":{"line":49,"column":0},"end":{"line":49,"column":61}},"49":{"start":{"line":50,"column":0},"end":{"line":50,"column":3}},"50":{"start":{"line":51,"column":0},"end":{"line":51,"column":2}},"51":{"start":{"line":52,"column":0},"end":{"line":52,"column":0}},"52":{"start":{"line":53,"column":0},"end":{"line":53,"column":3}},"53":{"start":{"line":54,"column":0},"end":{"line":54,"column":27}},"54":{"start":{"line":55,"column":0},"end":{"line":55,"column":42}},"55":{"start":{"line":56,"column":0},"end":{"line":56,"column":18}},"56":{"start":{"line":57,"column":0},"end":{"line":57,"column":3}},"57":{"start":{"line":58,"column":0},"end":{"line":58,"column":39}},"58":{"start":{"line":59,"column":0},"end":{"line":59,"column":7}},"59":{"start":{"line":60,"column":0},"end":{"line":60,"column":47}},"60":{"start":{"line":61,"column":0},"end":{"line":61,"column":36}},"61":{"start":{"line":62,"column":0},"end":{"line":62,"column":48}},"62":{"start":{"line":63,"column":0},"end":{"line":63,"column":30}},"63":{"start":{"line":64,"column":0},"end":{"line":64,"column":13}},"64":{"start":{"line":65,"column":0},"end":{"line":65,"column":20}},"65":{"start":{"line":66,"column":0},"end":{"line":66,"column":51}},"66":{"start":{"line":67,"column":0},"end":{"line":67,"column":82}},"67":{"start":{"line":68,"column":0},"end":{"line":68,"column":9}},"68":{"start":{"line":69,"column":0},"end":{"line":69,"column":28}},"69":{"start":{"line":70,"column":0},"end":{"line":70,"column":7}},"70":{"start":{"line":71,"column":0},"end":{"line":71,"column":79}},"71":{"start":{"line":72,"column":0},"end":{"line":72,"column":17}},"72":{"start":{"line":73,"column":0},"end":{"line":73,"column":14}},"73":{"start":{"line":74,"column":0},"end":{"line":74,"column":3}},"74":{"start":{"line":75,"column":0},"end":{"line":75,"column":2}},"75":{"start":{"line":76,"column":0},"end":{"line":76,"column":0}},"76":{"start":{"line":77,"column":0},"end":{"line":77,"column":3}},"77":{"start":{"line":78,"column":0},"end":{"line":78,"column":30}},"78":{"start":{"line":79,"column":0},"end":{"line":79,"column":27}},"79":{"start":{"line":80,"column":0},"end":{"line":80,"column":18}},"80":{"start":{"line":81,"column":0},"end":{"line":81,"column":3}},"81":{"start":{"line":82,"column":0},"end":{"line":82,"column":45}},"82":{"start":{"line":83,"column":0},"end":{"line":83,"column":7}},"83":{"start":{"line":84,"column":0},"end":{"line":84,"column":51}},"84":{"start":{"line":85,"column":0},"end":{"line":85,"column":35}},"85":{"start":{"line":86,"column":0},"end":{"line":86,"column":59}},"86":{"start":{"line":87,"column":0},"end":{"line":87,"column":7}},"87":{"start":{"line":88,"column":0},"end":{"line":88,"column":18}},"88":{"start":{"line":89,"column":0},"end":{"line":89,"column":72}},"89":{"start":{"line":90,"column":0},"end":{"line":90,"column":5}},"90":{"start":{"line":91,"column":0},"end":{"line":91,"column":28}},"91":{"start":{"line":92,"column":0},"end":{"line":92,"column":17}},"92":{"start":{"line":93,"column":0},"end":{"line":93,"column":14}},"93":{"start":{"line":94,"column":0},"end":{"line":94,"column":3}},"94":{"start":{"line":95,"column":0},"end":{"line":95,"column":2}},"95":{"start":{"line":96,"column":0},"end":{"line":96,"column":0}},"96":{"start":{"line":97,"column":0},"end":{"line":97,"column":3}},"97":{"start":{"line":98,"column":0},"end":{"line":98,"column":31}},"98":{"start":{"line":99,"column":0},"end":{"line":99,"column":28}},"99":{"start":{"line":100,"column":0},"end":{"line":100,"column":18}},"100":{"start":{"line":101,"column":0},"end":{"line":101,"column":3}},"101":{"start":{"line":102,"column":0},"end":{"line":102,"column":39}},"102":{"start":{"line":103,"column":0},"end":{"line":103,"column":7}},"103":{"start":{"line":104,"column":0},"end":{"line":104,"column":70}},"104":{"start":{"line":105,"column":0},"end":{"line":105,"column":67}},"105":{"start":{"line":106,"column":0},"end":{"line":106,"column":50}},"106":{"start":{"line":107,"column":0},"end":{"line":107,"column":13}},"107":{"start":{"line":108,"column":0},"end":{"line":108,"column":15}},"108":{"start":{"line":109,"column":0},"end":{"line":109,"column":16}},"109":{"start":{"line":110,"column":0},"end":{"line":110,"column":67}},"110":{"start":{"line":111,"column":0},"end":{"line":111,"column":70}},"111":{"start":{"line":112,"column":0},"end":{"line":112,"column":61}},"112":{"start":{"line":113,"column":0},"end":{"line":113,"column":8}},"113":{"start":{"line":114,"column":0},"end":{"line":114,"column":16}},"114":{"start":{"line":115,"column":0},"end":{"line":115,"column":22}},"115":{"start":{"line":116,"column":0},"end":{"line":116,"column":21}},"116":{"start":{"line":117,"column":0},"end":{"line":117,"column":56}},"117":{"start":{"line":118,"column":0},"end":{"line":118,"column":8}},"118":{"start":{"line":119,"column":0},"end":{"line":119,"column":7}},"119":{"start":{"line":120,"column":0},"end":{"line":120,"column":43}},"120":{"start":{"line":121,"column":0},"end":{"line":121,"column":17}},"121":{"start":{"line":122,"column":0},"end":{"line":122,"column":8}},"122":{"start":{"line":123,"column":0},"end":{"line":123,"column":46}},"123":{"start":{"line":124,"column":0},"end":{"line":124,"column":48}},"124":{"start":{"line":125,"column":0},"end":{"line":125,"column":46}},"125":{"start":{"line":126,"column":0},"end":{"line":126,"column":7}},"126":{"start":{"line":127,"column":0},"end":{"line":127,"column":60}},"127":{"start":{"line":128,"column":0},"end":{"line":128,"column":5}},"128":{"start":{"line":129,"column":0},"end":{"line":129,"column":14}},"129":{"start":{"line":130,"column":0},"end":{"line":130,"column":3}},"130":{"start":{"line":131,"column":0},"end":{"line":131,"column":2}},"131":{"start":{"line":132,"column":0},"end":{"line":132,"column":0}},"132":{"start":{"line":133,"column":0},"end":{"line":133,"column":3}},"133":{"start":{"line":134,"column":0},"end":{"line":134,"column":35}},"134":{"start":{"line":135,"column":0},"end":{"line":135,"column":24}},"135":{"start":{"line":136,"column":0},"end":{"line":136,"column":18}},"136":{"start":{"line":137,"column":0},"end":{"line":137,"column":3}},"137":{"start":{"line":138,"column":0},"end":{"line":138,"column":40}},"138":{"start":{"line":139,"column":0},"end":{"line":139,"column":7}},"139":{"start":{"line":140,"column":0},"end":{"line":140,"column":70}},"140":{"start":{"line":141,"column":0},"end":{"line":141,"column":0}},"141":{"start":{"line":142,"column":0},"end":{"line":142,"column":59}},"142":{"start":{"line":143,"column":0},"end":{"line":143,"column":35}},"143":{"start":{"line":144,"column":0},"end":{"line":144,"column":7}},"144":{"start":{"line":145,"column":0},"end":{"line":145,"column":26}},"145":{"start":{"line":146,"column":0},"end":{"line":146,"column":72}},"146":{"start":{"line":147,"column":0},"end":{"line":147,"column":5}},"147":{"start":{"line":148,"column":0},"end":{"line":148,"column":0}},"148":{"start":{"line":149,"column":0},"end":{"line":149,"column":67}},"149":{"start":{"line":150,"column":0},"end":{"line":150,"column":54}},"150":{"start":{"line":151,"column":0},"end":{"line":151,"column":35}},"151":{"start":{"line":152,"column":0},"end":{"line":152,"column":13}},"152":{"start":{"line":153,"column":0},"end":{"line":153,"column":15}},"153":{"start":{"line":154,"column":0},"end":{"line":154,"column":16}},"154":{"start":{"line":155,"column":0},"end":{"line":155,"column":67}},"155":{"start":{"line":156,"column":0},"end":{"line":156,"column":70}},"156":{"start":{"line":157,"column":0},"end":{"line":157,"column":61}},"157":{"start":{"line":158,"column":0},"end":{"line":158,"column":8}},"158":{"start":{"line":159,"column":0},"end":{"line":159,"column":59}},"159":{"start":{"line":160,"column":0},"end":{"line":160,"column":7}},"160":{"start":{"line":161,"column":0},"end":{"line":161,"column":35}},"161":{"start":{"line":162,"column":0},"end":{"line":162,"column":17}},"162":{"start":{"line":163,"column":0},"end":{"line":163,"column":8}},"163":{"start":{"line":164,"column":0},"end":{"line":164,"column":46}},"164":{"start":{"line":165,"column":0},"end":{"line":165,"column":48}},"165":{"start":{"line":166,"column":0},"end":{"line":166,"column":46}},"166":{"start":{"line":167,"column":0},"end":{"line":167,"column":7}},"167":{"start":{"line":168,"column":0},"end":{"line":168,"column":60}},"168":{"start":{"line":169,"column":0},"end":{"line":169,"column":5}},"169":{"start":{"line":170,"column":0},"end":{"line":170,"column":14}},"170":{"start":{"line":171,"column":0},"end":{"line":171,"column":3}},"171":{"start":{"line":172,"column":0},"end":{"line":172,"column":2}},"172":{"start":{"line":173,"column":0},"end":{"line":173,"column":0}},"173":{"start":{"line":174,"column":0},"end":{"line":174,"column":3}},"174":{"start":{"line":175,"column":0},"end":{"line":175,"column":40}},"175":{"start":{"line":176,"column":0},"end":{"line":176,"column":24}},"176":{"start":{"line":177,"column":0},"end":{"line":177,"column":18}},"177":{"start":{"line":178,"column":0},"end":{"line":178,"column":3}},"178":{"start":{"line":179,"column":0},"end":{"line":179,"column":42}},"179":{"start":{"line":180,"column":0},"end":{"line":180,"column":7}},"180":{"start":{"line":181,"column":0},"end":{"line":181,"column":59}},"181":{"start":{"line":182,"column":0},"end":{"line":182,"column":35}},"182":{"start":{"line":183,"column":0},"end":{"line":183,"column":7}},"183":{"start":{"line":184,"column":0},"end":{"line":184,"column":26}},"184":{"start":{"line":185,"column":0},"end":{"line":185,"column":72}},"185":{"start":{"line":186,"column":0},"end":{"line":186,"column":5}},"186":{"start":{"line":187,"column":0},"end":{"line":187,"column":0}},"187":{"start":{"line":188,"column":0},"end":{"line":188,"column":65}},"188":{"start":{"line":189,"column":0},"end":{"line":189,"column":48}},"189":{"start":{"line":190,"column":0},"end":{"line":190,"column":17}},"190":{"start":{"line":191,"column":0},"end":{"line":191,"column":14}},"191":{"start":{"line":192,"column":0},"end":{"line":192,"column":3}},"192":{"start":{"line":193,"column":0},"end":{"line":193,"column":2}},"193":{"start":{"line":194,"column":0},"end":{"line":194,"column":0}},"194":{"start":{"line":195,"column":0},"end":{"line":195,"column":18}},"195":{"start":{"line":196,"column":0},"end":{"line":196,"column":6}},"196":{"start":{"line":197,"column":0},"end":{"line":197,"column":12}},"197":{"start":{"line":198,"column":0},"end":{"line":198,"column":42}},"198":{"start":{"line":199,"column":0},"end":{"line":199,"column":44}},"199":{"start":{"line":200,"column":0},"end":{"line":200,"column":9}},"200":{"start":{"line":201,"column":0},"end":{"line":201,"column":2}}},"s":{"0":1,"1":1,"2":1,"3":1,"4":1,"5":1,"6":1,"7":1,"8":1,"9":1,"10":1,"11":1,"12":1,"13":1,"14":1,"15":1,"16":1,"17":1,"18":1,"19":1,"20":1,"21":1,"22":1,"23":1,"24":1,"25":1,"26":4,"27":4,"28":1,"29":1,"30":3,"31":3,"32":1,"33":1,"34":2,"35":1,"36":1,"37":1,"38":2,"39":1,"40":1,"41":1,"42":1,"43":1,"44":2,"45":2,"46":2,"47":2,"48":2,"49":2,"50":2,"51":1,"52":1,"53":1,"54":1,"55":1,"56":1,"57":1,"58":1,"59":1,"60":1,"61":1,"62":1,"63":1,"64":1,"65":1,"66":1,"67":1,"68":1,"69":1,"70":1,"71":1,"72":0,"73":0,"74":1,"75":1,"76":1,"77":1,"78":1,"79":1,"80":1,"81":1,"82":2,"83":2,"84":2,"85":2,"86":2,"87":2,"88":1,"89":1,"90":1,"91":2,"92":0,"93":0,"94":2,"95":1,"96":1,"97":1,"98":1,"99":1,"100":1,"101":1,"102":1,"103":1,"104":1,"105":1,"106":1,"107":1,"108":1,"109":1,"110":1,"111":1,"112":1,"113":1,"114":1,"115":1,"116":1,"117":1,"118":1,"119":1,"120":1,"121":0,"122":0,"123":0,"124":0,"125":0,"126":0,"127":0,"128":0,"129":0,"130":1,"131":1,"132":1,"133":1,"134":1,"135":1,"136":1,"137":1,"138":2,"139":2,"140":2,"141":2,"142":2,"143":2,"144":2,"145":1,"146":1,"147":1,"148":1,"149":1,"150":1,"151":1,"152":1,"153":1,"154":2,"155":2,"156":2,"157":2,"158":2,"159":2,"160":1,"161":2,"162":0,"163":0,"164":0,"165":0,"166":0,"167":0,"168":0,"169":0,"170":0,"171":2,"172":1,"173":1,"174":1,"175":1,"176":1,"177":1,"178":1,"179":2,"180":2,"181":2,"182":2,"183":2,"184":1,"185":1,"186":1,"187":1,"188":1,"189":2,"190":0,"191":0,"192":2,"193":1,"194":1,"195":1,"196":1,"197":1,"198":1,"199":1,"200":1},"branchMap":{"0":{"type":"branch","line":26,"loc":{"start":{"line":26,"column":23},"end":{"line":32,"column":2}},"locations":[{"start":{"line":26,"column":23},"end":{"line":32,"column":2}}]},"1":{"type":"branch","line":26,"loc":{"start":{"line":26,"column":34},"end":{"line":32,"column":2}},"locations":[{"start":{"line":26,"column":34},"end":{"line":32,"column":2}}]},"2":{"type":"branch","line":28,"loc":{"start":{"line":28,"column":13},"end":{"line":30,"column":3}},"locations":[{"start":{"line":28,"column":13},"end":{"line":30,"column":3}}]},"3":{"type":"branch","line":30,"loc":{"start":{"line":30,"column":2},"end":{"line":32,"column":2}},"locations":[{"start":{"line":30,"column":2},"end":{"line":32,"column":2}}]},"4":{"type":"branch","line":34,"loc":{"start":{"line":34,"column":32},"end":{"line":51,"column":2}},"locations":[{"start":{"line":34,"column":32},"end":{"line":51,"column":2}}]},"5":{"type":"branch","line":35,"loc":{"start":{"line":35,"column":14},"end":{"line":38,"column":3}},"locations":[{"start":{"line":35,"column":14},"end":{"line":38,"column":3}}]},"6":{"type":"branch","line":37,"loc":{"start":{"line":37,"column":21},"end":{"line":37,"column":55}},"locations":[{"start":{"line":37,"column":21},"end":{"line":37,"column":55}}]},"7":{"type":"branch","line":39,"loc":{"start":{"line":39,"column":16},"end":{"line":44,"column":3}},"locations":[{"start":{"line":39,"column":16},"end":{"line":44,"column":3}}]},"8":{"type":"branch","line":43,"loc":{"start":{"line":43,"column":23},"end":{"line":43,"column":59}},"locations":[{"start":{"line":43,"column":23},"end":{"line":43,"column":59}}]},"9":{"type":"branch","line":49,"loc":{"start":{"line":49,"column":24},"end":{"line":49,"column":61}},"locations":[{"start":{"line":49,"column":24},"end":{"line":49,"column":61}}]},"10":{"type":"branch","line":58,"loc":{"start":{"line":58,"column":12},"end":{"line":75,"column":2}},"locations":[{"start":{"line":58,"column":12},"end":{"line":75,"column":2}}]},"11":{"type":"branch","line":72,"loc":{"start":{"line":72,"column":4},"end":{"line":74,"column":3}},"locations":[{"start":{"line":72,"column":4},"end":{"line":74,"column":3}}]},"12":{"type":"branch","line":82,"loc":{"start":{"line":82,"column":18},"end":{"line":95,"column":2}},"locations":[{"start":{"line":82,"column":18},"end":{"line":95,"column":2}}]},"13":{"type":"branch","line":88,"loc":{"start":{"line":88,"column":17},"end":{"line":92,"column":4}},"locations":[{"start":{"line":88,"column":17},"end":{"line":92,"column":4}}]},"14":{"type":"branch","line":92,"loc":{"start":{"line":92,"column":4},"end":{"line":94,"column":3}},"locations":[{"start":{"line":92,"column":4},"end":{"line":94,"column":3}}]},"15":{"type":"branch","line":102,"loc":{"start":{"line":102,"column":12},"end":{"line":131,"column":2}},"locations":[{"start":{"line":102,"column":12},"end":{"line":131,"column":2}}]},"16":{"type":"branch","line":121,"loc":{"start":{"line":121,"column":4},"end":{"line":130,"column":3}},"locations":[{"start":{"line":121,"column":4},"end":{"line":130,"column":3}}]},"17":{"type":"branch","line":138,"loc":{"start":{"line":138,"column":13},"end":{"line":172,"column":2}},"locations":[{"start":{"line":138,"column":13},"end":{"line":172,"column":2}}]},"18":{"type":"branch","line":145,"loc":{"start":{"line":145,"column":25},"end":{"line":155,"column":24}},"locations":[{"start":{"line":145,"column":25},"end":{"line":155,"column":24}}]},"19":{"type":"branch","line":155,"loc":{"start":{"line":155,"column":20},"end":{"line":155,"column":65}},"locations":[{"start":{"line":155,"column":20},"end":{"line":155,"column":65}}]},"20":{"type":"branch","line":156,"loc":{"start":{"line":156,"column":21},"end":{"line":156,"column":68}},"locations":[{"start":{"line":156,"column":21},"end":{"line":156,"column":68}}]},"21":{"type":"branch","line":157,"loc":{"start":{"line":157,"column":18},"end":{"line":157,"column":59}},"locations":[{"start":{"line":157,"column":18},"end":{"line":157,"column":59}}]},"22":{"type":"branch","line":160,"loc":{"start":{"line":160,"column":6},"end":{"line":162,"column":4}},"locations":[{"start":{"line":160,"column":6},"end":{"line":162,"column":4}}]},"23":{"type":"branch","line":162,"loc":{"start":{"line":162,"column":4},"end":{"line":171,"column":3}},"locations":[{"start":{"line":162,"column":4},"end":{"line":171,"column":3}}]},"24":{"type":"branch","line":179,"loc":{"start":{"line":179,"column":15},"end":{"line":193,"column":2}},"locations":[{"start":{"line":179,"column":15},"end":{"line":193,"column":2}}]},"25":{"type":"branch","line":184,"loc":{"start":{"line":184,"column":25},"end":{"line":190,"column":4}},"locations":[{"start":{"line":184,"column":25},"end":{"line":190,"column":4}}]},"26":{"type":"branch","line":190,"loc":{"start":{"line":190,"column":4},"end":{"line":192,"column":3}},"locations":[{"start":{"line":190,"column":4},"end":{"line":192,"column":3}}]}},"b":{"0":[12],"1":[4],"2":[1],"3":[3],"4":[2],"5":[1],"6":[0],"7":[1],"8":[0],"9":[0],"10":[1],"11":[0],"12":[2],"13":[1],"14":[0],"15":[1],"16":[0],"17":[2],"18":[1],"19":[0],"20":[1],"21":[0],"22":[1],"23":[0],"24":[2],"25":[1],"26":[0]},"fnMap":{"0":{"name":"validateInput","decl":{"start":{"line":26,"column":23},"end":{"line":32,"column":2}},"loc":{"start":{"line":26,"column":23},"end":{"line":32,"column":2}},"line":26},"1":{"name":"validateRelatedEntities","decl":{"start":{"line":34,"column":32},"end":{"line":51,"column":2}},"loc":{"start":{"line":34,"column":32},"end":{"line":51,"column":2}},"line":34},"2":{"name":"all","decl":{"start":{"line":58,"column":12},"end":{"line":75,"column":2}},"loc":{"start":{"line":58,"column":12},"end":{"line":75,"column":2}},"line":58},"3":{"name":"getReview","decl":{"start":{"line":82,"column":18},"end":{"line":95,"column":2}},"loc":{"start":{"line":82,"column":18},"end":{"line":95,"column":2}},"line":82},"4":{"name":"add","decl":{"start":{"line":102,"column":12},"end":{"line":131,"column":2}},"loc":{"start":{"line":102,"column":12},"end":{"line":131,"column":2}},"line":102},"5":{"name":"edit","decl":{"start":{"line":138,"column":13},"end":{"line":172,"column":2}},"loc":{"start":{"line":138,"column":13},"end":{"line":172,"column":2}},"line":138},"6":{"name":"remove","decl":{"start":{"line":179,"column":15},"end":{"line":193,"column":2}},"loc":{"start":{"line":179,"column":15},"end":{"line":193,"column":2}},"line":179}},"f":{"0":12,"1":2,"2":1,"3":2,"4":1,"5":2,"6":2}}
,"/Users/valentynkhaimyk/Desktop/Beauty Room/controllers/services.js": {"path":"/Users/valentynkhaimyk/Desktop/Beauty Room/controllers/services.js","all":false,"statementMap":{"0":{"start":{"line":1,"column":0},"end":{"line":1,"column":7}},"1":{"start":{"line":2,"column":0},"end":{"line":2,"column":17}},"2":{"start":{"line":3,"column":0},"end":{"line":3,"column":17}},"3":{"start":{"line":4,"column":0},"end":{"line":4,"column":16}},"4":{"start":{"line":5,"column":0},"end":{"line":5,"column":16}},"5":{"start":{"line":6,"column":0},"end":{"line":6,"column":16}},"6":{"start":{"line":7,"column":0},"end":{"line":7,"column":34}},"7":{"start":{"line":8,"column":0},"end":{"line":8,"column":61}},"8":{"start":{"line":9,"column":0},"end":{"line":9,"column":56}},"9":{"start":{"line":10,"column":0},"end":{"line":10,"column":27}},"10":{"start":{"line":11,"column":0},"end":{"line":11,"column":49}},"11":{"start":{"line":12,"column":0},"end":{"line":12,"column":0}},"12":{"start":{"line":13,"column":0},"end":{"line":13,"column":21}},"13":{"start":{"line":14,"column":0},"end":{"line":14,"column":34}},"14":{"start":{"line":15,"column":0},"end":{"line":15,"column":42}},"15":{"start":{"line":16,"column":0},"end":{"line":16,"column":41}},"16":{"start":{"line":17,"column":0},"end":{"line":17,"column":38}},"17":{"start":{"line":18,"column":0},"end":{"line":18,"column":5}},"18":{"start":{"line":19,"column":0},"end":{"line":19,"column":43}},"19":{"start":{"line":20,"column":0},"end":{"line":20,"column":42}},"20":{"start":{"line":21,"column":0},"end":{"line":21,"column":5}},"21":{"start":{"line":22,"column":0},"end":{"line":22,"column":46}},"22":{"start":{"line":23,"column":0},"end":{"line":23,"column":45}},"23":{"start":{"line":24,"column":0},"end":{"line":24,"column":5}},"24":{"start":{"line":25,"column":0},"end":{"line":25,"column":39}},"25":{"start":{"line":26,"column":0},"end":{"line":26,"column":38}},"26":{"start":{"line":27,"column":0},"end":{"line":27,"column":34}},"27":{"start":{"line":28,"column":0},"end":{"line":28,"column":3}},"28":{"start":{"line":29,"column":0},"end":{"line":29,"column":0}},"29":{"start":{"line":30,"column":0},"end":{"line":30,"column":3}},"30":{"start":{"line":31,"column":0},"end":{"line":31,"column":26}},"31":{"start":{"line":32,"column":0},"end":{"line":32,"column":53}},"32":{"start":{"line":33,"column":0},"end":{"line":33,"column":3}},"33":{"start":{"line":34,"column":0},"end":{"line":34,"column":39}},"34":{"start":{"line":35,"column":0},"end":{"line":35,"column":7}},"35":{"start":{"line":36,"column":0},"end":{"line":36,"column":47}},"36":{"start":{"line":37,"column":0},"end":{"line":37,"column":65}},"37":{"start":{"line":38,"column":0},"end":{"line":38,"column":77}},"38":{"start":{"line":39,"column":0},"end":{"line":39,"column":5}},"39":{"start":{"line":40,"column":0},"end":{"line":40,"column":0}},"40":{"start":{"line":41,"column":0},"end"
[...]
rt":{"line":17,"column":0},"end":{"line":17,"column":47}},"17":{"start":{"line":18,"column":0},"end":{"line":18,"column":2}},"18":{"start":{"line":19,"column":0},"end":{"line":19,"column":0}},"19":{"start":{"line":20,"column":0},"end":{"line":20,"column":43}},"20":{"start":{"line":21,"column":0},"end":{"line":21,"column":62}},"21":{"start":{"line":22,"column":0},"end":{"line":22,"column":2}},"22":{"start":{"line":23,"column":0},"end":{"line":23,"column":0}},"23":{"start":{"line":24,"column":0},"end":{"line":24,"column":37}},"24":{"start":{"line":25,"column":0},"end":{"line":25,"column":56}},"25":{"start":{"line":26,"column":0},"end":{"line":26,"column":2}},"26":{"start":{"line":27,"column":0},"end":{"line":27,"column":0}},"27":{"start":{"line":28,"column":0},"end":{"line":28,"column":18}},"28":{"start":{"line":29,"column":0},"end":{"line":29,"column":17}},"29":{"start":{"line":30,"column":0},"end":{"line":30,"column":17}},"30":{"start":{"line":31,"column":0},"end":{"line":31,"column":16}},"31":{"start":{"line":32,"column":0},"end":{"line":32,"column":16}},"32":{"start":{"line":33,"column":0},"end":{"line":33,"column":16}},"33":{"start":{"line":34,"column":0},"end":{"line":34,"column":2}}},"s":{"0":1,"1":1,"2":1,"3":0,"4":0,"5":0,"6":0,"7":0,"8":0,"9":0,"10":1,"11":1,"12":0,"13":0,"14":1,"15":1,"16":0,"17":0,"18":1,"19":1,"20":0,"21":0,"22":1,"23":1,"24":0,"25":0,"26":1,"27":1,"28":1,"29":1,"30":1,"31":1,"32":1,"33":1},"branchMap":{},"b":{},"fnMap":{"0":{"name":"getAllServices","decl":{"start":{"line":3,"column":23},"end":{"line":10,"column":2}},"loc":{"start":{"line":3,"column":23},"end":{"line":10,"column":2}},"line":3},"1":{"name":"getServiceById","decl":{"start":{"line":12,"column":23},"end":{"line":14,"column":2}},"loc":{"start":{"line":12,"column":23},"end":{"line":14,"column":2}},"line":12},"2":{"name":"createService","decl":{"start":{"line":16,"column":22},"end":{"line":18,"column":2}},"loc":{"start":{"line":16,"column":22},"end":{"line":18,"column":2}},"line":16},"3":{"name":"updateService","decl":{"start":{"line":20,"column":22},"end":{"line":22,"column":2}},"loc":{"start":{"line":20,"column":22},"end":{"line":22,"column":2}},"line":20},"4":{"name":"deleteService","decl":{"start":{"line":24,"column":22},"end":{"line":26,"column":2}},"loc":{"start":{"line":24,"column":22},"end":{"line":26,"column":2}},"line":24}},"f":{"0":0,"1":0,"2":0,"3":0,"4":0}}
,"/Users/valentynkhaimyk/Desktop/Beauty Room/routes/bookings.js": {"path":"/Users/valentynkhaimyk/Desktop/Beauty Room/routes/bookings.js","all":false,"statementMap":{"0":{"start":{"line":1,"column":0},"end":{"line":1,"column":35}},"1":{"start":{"line":2,"column":0},"end":{"line":2,"column":32}},"2":{"start":{"line":3,"column":0},"end":{"line":3,"column":7}},"3":{"start":{"line":4,"column":0},"end":{"line":4,"column":6}},"4":{"start":{"line":5,"column":0},"end":{"line":5,"column":13}},"5":{"start":{"line":6,"column":0},"end":{"line":6,"column":6}},"6":{"start":{"line":7,"column":0},"end":{"line":7,"column":7}},"7":{"start":{"line":8,"column":0},"end":{"line":8,"column":9}},"8":{"start":{"line":9,"column":0},"end":{"line":9,"column":42}},"9":{"start":{"line":10,"column":0},"end":{"line":10,"column":0}},"10":{"start":{"line":11,"column":0},"end":{"line":11,"column":21}},"11":{"start":{"line":12,"column":0},"end":{"line":12,"column":31}},"12":{"start":{"line":13,"column":0},"end":{"line":13,"column":25}},"13":{"start":{"line":14,"column":0},"end":{"line":14,"column":30}},"14":{"start":{"line":15,"column":0},"end":{"line":15,"column":37}},"15":{"start":{"line":16,"column":0},"end":{"line":16,"column":0}},"16":{"start":{"line":17,"column":0},"end":{"line":17,"column":24}}},"s":{"0":1,"1":1,"2":1,"3":1,"4":1,"5":1,"6":1,"7":1,"8":1,"9":1,"10":1,"11":1,"12":1,"13":1,"14":1,"15":1,"16":1},"branchMap":{},"b":{},"fnMap":{},"f":{}}
,"/Users/valentynkhaimyk/Desktop/Beauty Room/routes/categories.js": {"path":"/Users/valentynkhaimyk/Desktop/Beauty Room/routes/categories.js","all":false,"statementMap":{"0":{"start":{"line":1,"column":0},"end":{"line":1,"column":35}},"1":{"start":{"line":2,"column":0},"end":{"line":2,"column":32}},"2":{"start":{"line":3,"column":0},"end":{"line":3,"column":47}},"3":{"start":{"line":4,"column":0},"end":{"line":4,"column":7}},"4":{"start":{"line":5,"column":0},"end":{"line":5,"column":6}},"5":{"start":{"line":6,"column":0},"end":{"line":6,"column":14}},"6":{"start":{"line":7,"column":0},"end":{"line":7,"column":6}},"7":{"start":{"line":8,"column":0},"end":{"line":8,"column":7}},"8":{"start":{"line":9,"column":0},"end":{"line":9,"column":9}},"9":{"start":{"line":10,"column":0},"end":{"line":10,"column":44}},"10":{"start":{"line":11,"column":0},"end":{"line":11,"column":0}},"11":{"start":{"line":12,"column":0},"end":{"line":12,"column":27}},"12":{"start":{"line":13,"column":0},"end":{"line":13,"column":38}},"13":{"start":{"line":14,"column":0},"end":{"line":14,"column":31}},"14":{"start":{"line":15,"column":0},"end":{"line":15,"column":36}},"15":{"start":{"line":16,"column":0},"end":{"line":16,"column":43}},"16":{"start":{"line":17,"column":0},"end":{"line":17,"column":0}},"17":{"start":{"line":18,"column":0},"end":{"line":18,"column":24}}},"s":{"0":1,"1":1,"2":1,"3":1,"4":1,"5":1,"6":1,"7":1,"8":1,"9":1,"10":1,"11":1,"12":1,"13":1,"14":1,"15":1,"16":1,"17":1},"branchMap":{},"b":{},"fnMap":{},"f":{}}
,"/Users/valentynkhaimyk/Desktop/Beauty Room/routes/clients.js": {"path":"/Users/valentynkhaimyk/Desktop/Beauty Room/routes/clients.js","all":false,"statementMap":{"0":{"start":{"line":1,"column":0},"end":{"line":1,"column":35}},"1":{"start":{"line":2,"column":0},"end":{"line":2,"column":32}},"2":{"start":{"line":3,"column":0},"end":{"line":3,"column":7}},"3":{"start":{"line":4,"column":0},"end":{"line":4,"column":6}},"4":{"start":{"line":5,"column":0},"end":{"line":5,"column":12}},"5":{"start":{"line":6,"column":0},"end":{"line":6,"column":6}},"6":{"start":{"line":7,"column":0},"end":{"line":7,"column":7}},"7":{"start":{"line":8,"column":0},"end":{"line":8,"column":9}},"8":{"start":{"line":9,"column":0},"end":{"line":9,"column":41}},"9":{"start":{"line":10,"column":0},"end":{"line":10,"column":0}},"10":{"start":{"line":11,"column":0},"end":{"line":11,"column":21}},"11":{"start":{"line":12,"column":0},"end":{"line":12,"column":30}},"12":{"start":{"line":13,"column":0},"end":{"line":13,"column":25}},"13":{"start":{"line":14,"column":0},"end":{"line":14,"column":30}},"14":{"start":{"line":15,"column":0},"end":{"line":15,"column":37}},"15":{"start":{"line":16,"column":0},"end":{"line":16,"column":0}},"16":{"start":{"line":17,"column":0},"end":{"line":17,"column":24}}},"s":{"0":1,"1":1,"2":1,"3":1,"4":1,"5":1,"6":1,"7":1,"8":1,"9":1,"10":1,"11":1,"12":1,"13":1,"14":1,"15":1,"16":1},"branchMap":{},"b":{},"fnMap":{},"f":{}}
,"/Users/valentynkhaimyk/Desktop/Beauty Room/routes/reviews.js": {"path":"/Users/valentynkhaimyk/Desktop/Beauty Room/routes/reviews.js","all":false,"statementMap":{"0":{"start":{"line":1,"column":0},"end":{"line":1,"column":35}},"1":{"start":{"line":2,"column":0},"end":{"line":2,"column":7}},"2":{"start":{"line":3,"column":0},"end":{"line":3,"column":6}},"3":{"start":{"line":4,"column":0},"end":{"line":4,"column":12}},"4":{"start":{"line":5,"column":0},"end":{"line":5,"column":6}},"5":{"start":{"line":6,"column":0},"end":{"line":6,"column":7}},"6":{"start":{"line":7,"column":0},"end":{"line":7,"column":9}},"7":{"start":{"line":8,"column":0},"end":{"line":8,"column":41}},"8":{"start":{"line":9,"column":0},"end":{"line":9,"column":32}},"9":{"start":{"line":10,"column":0},"end":{"line":10,"column":0}},"10":{"start":{"line":11,"column":0},"end":{"line":11,"column":21}},"11":{"start":{"line":12,"column":0},"end":{"line":12,"column":30}},"12":{"start":{"line":13,"column":0},"end":{"line":13,"column":25}},"13":{"start":{"line":14,"column":0},"end":{"line":14,"column":30}},"14":{"start":{"line":15,"column":0},"end":{"line":15,"column":37}},"15":{"start":{"line":16,"column":0},"end":{"line":16,"column":0}},"16":{"start":{"line":17,"column":0},"end":{"line":17,"column":24}}},"s":{"0":1,"1":1,"2":1,"3":1,"4":1,"5":1,"6":1,"7":1,"8":1,"9":1,"10":1,"11":1,"12":1,"13":1,"14":1,"15":1,"16":1},"branchMap":{},"b":{},"fnMap":{},"f":{}}
,"/Users/valentynkhaimyk/Desktop/Beauty Room/routes/services.js": {"path":"/Users/valentynkhaimyk/Desktop/Beauty Room/routes/services.js","all":false,"statementMap":{"0":{"start":{"line":1,"column":0},"end":{"line":1,"column":35}},"1":{"start":{"line":2,"column":0},"end":{"line":2,"column":32}},"2":{"start":{"line":3,"column":0},"end":{"line":3,"column":50}},"3":{"start":{"line":4,"column":0},"end":{"line":4,"column":7}},"4":{"start":{"line":5,"column":0},"end":{"line":5,"column":6}},"5":{"start":{"line":6,"column":0},"end":{"line":6,"column":10}},"6":{"start":{"line":7,"column":0},"end":{"line":7,"column":6}},"7":{"start":{"line":8,"column":0},"end":{"line":8,"column":7}},"8":{"start":{"line":9,"column":0},"end":{"line":9,"column":9}},"9":{"start":{"line":10,"column":0},"end":{"line":10,"column":42}},"10":{"start":{"line":11,"column":0},"end":{"line":11,"column":0}},"11":{"start":{"line":12,"column":0},"end":{"line":12,"column":27}},"12":{"start":{"line":13,"column":0},"end":{"line":13,"column":34}},"13":{"start":{"line":14,"column":0},"end":{"line":14,"column":31}},"14":{"start":{"line":15,"column":0},"end":{"line":15,"column":36}},"15":{"start":{"line":16,"column":0},"end":{"line":16,"column":43}},"16":{"start":{"line":17,"column":0},"end":{"line":17,"column":0}},"17":{"start":{"line":18,"column":0},"end":{"line":18,"column":24}}},"s":{"0":1,"1":1,"2":1,"3":1,"4":1,"5":1,"6":1,"7":1,"8":1,"9":1,"10":1,"11":1,"12":1,"13":1,"14":1,"15":1,"16":1,"17":1},"branchMap":{},"b":{},"fnMap":{},"f":{}}
,"/Users/valentynkhaimyk/Desktop/Beauty Room/routes/users.js": {"path":"/Users/valentynkhaimyk/Desktop/Beauty Room/routes/users.js","all":false,"statementMap":{"0":{"start":{"line":1,"column":0},"end":{"line":1,"column":35}},"1":{"start":{"line":2,"column":0},"end":{"line":2,"column":32}},"2":{"start":{"line":3,"column":0},"end":{"line":3,"column":42}},"3":{"start":{"line":4,"column":0},"end":{"line":4,"column":7}},"4":{"start":{"line":5,"column":0},"end":{"line":5,"column":8}},"5":{"start":{"line":6,"column":0},"end":{"line":6,"column":11}},"6":{"start":{"line":7,"column":0},"end":{"line":7,"column":10}},"7":{"start":{"line":8,"column":0},"end":{"line":8,"column":9}},"8":{"start":{"line":9,"column":0},"end":{"line":9,"column":7}},"9":{"start":{"line":10,"column":0},"end":{"line":10,"column":9}},"10":{"start":{"line":11,"column":0},"end":{"line":11,"column":39}},"11":{"start":{"line":12,"column":0},"end":{"line":12,"column":50}},"12":{"start":{"line":13,"column":0},"end":{"line":13,"column":0}},"13":{"start":{"line":14,"column":0},"end":{"line":14,"column":21}},"14":{"start":{"line":15,"column":0},"end":{"line":15,"column":29}},"15":{"start":{"line":16,"column":0},"end":{"line":16,"column":0}},"16":{"start":{"line":17,"column":0},"end":{"line":17,"column":24}},"17":{"start":{"line":18,"column":0},"end":{"line":18,"column":59}},"18":{"start":{"line":19,"column":0},"end":{"line":19,"column":23}},"19":{"start":{"line":20,"column":0},"end":{"line":20,"column":32}},"20":{"start":{"line":21,"column":0},"end":{"line":21,"column":30}},"21":{"start":{"line":22,"column":0},"end":{"line":22,"column":60}},"22":{"start":{"line":23,"column":0},"end":{"line":23,"column":43}},"23":{"start":{"line":24,"column":0},"end":{"line":24,"column":0}},"24":{"start":{"line":25,"column":0},"end":{"line":25,"column":24}}},"s":{"0":1,"1":1,"2":1,"3":1,"4":1,"5":1,"6":1,"7":1,"8":1,"9":1,"10":1,"11":1,"12":1,"13":1,"14":1,"15":1,"16":1,"17":1,"18":1,"19":1,"20":1,"21":1,"22":1,"23":1,"24":1},"branchMap":{},"b":{},"fnMap":{},"f":{}}
,"/Users/valentynkhaimyk/Desktop/Beauty Room/utils/constants.js": {"path":"/Users/valentynkhaimyk/Desktop/Beauty Room/utils/constants.js","all":false,"statementMap":{"0":{"start":{"line":1,"column":0},"end":{"line":1,"column":18}},"1":{"start":{"line":2,"column":0},"end":{"line":2,"column":11}},"2":{"start":{"line":3,"column":0},"end":{"line":3,"column":45}},"3":{"start":{"line":4,"column":0},"end":{"line":4,"column":48}},"4":{"start":{"line":5,"column":0},"end":{"line":5,"column":45}},"5":{"start":{"line":6,"column":0},"end":{"line":6,"column":45}},"6":{"start":{"line":7,"column":0},"end":{"line":7,"column":43}},"7":{"start":{"line":8,"column":0},"end":{"line":8,"column":43}},"8":{"start":{"line":9,"column":0},"end":{"line":9,"column":43}},"9":{"start":{"line":10,"column":0},"end":{"line":10,"column":47}},"10":{"start":{"line":11,"column":0},"end":{"line":11,"column":51}},"11":{"start":{"line":12,"column":0},"end":{"line":12,"column":49}},"12":{"start":{"line":13,"column":0},"end":{"line":13,"column":51}},"13":{"start":{"line":14,"column":0},"end":{"line":14,"column":49}},"14":{"start":{"line":15,"column":0},"end":{"line":15,"column":55}},"15":{"start":{"line":16,"column":0},"end":{"line":16,"column":29}},"16":{"start":{"line":17,"column":0},"end":{"line":17,"column":54}},"17":{"start":{"line":18,"column":0},"end":{"line":18,"column":41}},"18":{"start":{"line":19,"column":0},"end":{"line":19,"column":59}},"19":{"start":{"line":20,"column":0},"end":{"line":20,"column":57}},"20":{"start":{"line":21,"column":0},"end":{"line":21,"column":59}},"21":{"start":{"line":22,"column":0},"end":{"line":22,"column":53}},"22":{"start":{"line":23,"column":0},"end":{"line":23,"column":54}},"23":{"start":{"line":24,"column":0},"end":{"line":24,"column":42}},"24":{"start":{"line":25,"column":0},"end":{"line":25,"column":66}},"25":{"start":{"line":26,"column":0},"end":{"line":26,"column":56}},"26":{"start":{"line":27,"column":0},"end":{"line":27,"column":60}},"27":{"start":{"line":28,"column":0},"end":{"line":28,"column":57}},"28":{"start":{"line":29,"column":0},"end":{"line":29,"column":40}},"29":{"start":{"line":30,"column":0},"end":{"line":30,"column":39}},"30":{"start":{"line":31,"column":0},"end":{"line":31,"column":54}},"31":{"start":{"line":32,"column":0},"end":{"line":32,"column":47}},"32":{"start":{"line":33,"column":0},"end":{"line":33,"column":63}},"33":{"start":{"line":34,"column":0},"end":{"line":34,"column":56}},"34":{"start":{"line":35,"column":0},"end":{"line":35,"column":68}},"35":{"start":{"line":36,"column":0},"end":{"line":36,"column":40}},"36":{"start":{"line":37,"column":0},"end":{"line":37,"column":78}},"37":{"start":{"line":38,"column":0},"end":{"line":38,"column":72}},"38":{"start":{"line":39,"column":0},"end":{"line":39,"column":62}},"39":{"start":{"line":40,"column":0},"end":{"line":40,"column":51}},"40":{"start":{"line":41,"column":0},"end":{"line":41,"column":55}},"41":{"start":{"line":42,"column":0},"end":{"line":42,"column":41}},"42":{"start":{"line":43,"column":0},"end":{"line":43,"column":56}},"43":{"start":{"line":44,"column":0},"end":{"line":44,"column":39}},"44":{"start":{"line":45,"column":0},"end":{"line":45,"column":4}},"45":{"start":{"line":46,"column":0},"end":{"line":46,"column":2}}},"s":{"0":1,"1":1,"2":1,"3":1,"4":1,"5":1,"6":1,"7":1,"8":1,"9":1,"10":1,"11":1,"12":1,"13":1,"14":1,"15":1,"16":1,"17":1,"18":1,"19":1,"20":1,"21":1,"22":1,"23":1,"24":1,"25":1,"26":1,"27":1,"28":1,"29":1,"30":1,"31":1,"32":1,"33":1,"34":1,"35":1,"36":1,"37":1,"38":1,"39":1,"40":1,"41":1,"42":1,"43":1,"44":1,"45":1},"branchMap":{},"b":{},"fnMap":{},"f":{}}
,"/Users/valentynkhaimyk/Desktop/Beauty Room/utils/pagination.js": {"path":"/Users/valentynkhaimyk/Desktop/Beauty Room/utils/pagination.js","all":false,"statementMap":{"0":{"start":{"line":1,"column":0},"end":{"line":1,"column":56}},"1":{"start":{"line":2,"column":0},"end":{"line":2,"column":39}},"2":{"start":{"line":3,"column":0},"end":{"line":3,"column":42}},"3":{"start":{"line":4,"column":0},"end":{"line":4,"column":10}},"4":{"start":{"line":5,"column":0},"end":{"line":5,"column":9}},"5":{"start":{"line":6,"column":0},"end":{"line":6,"column":29}},"6":{"start":{"line":7,"column":0},"end":{"line":7,"column":31}},"7":{"start":{"line":8,"column":0},"end":{"line":8,"column":47}},"8":{"start":{"line":9,"column":0},"end":{"line":9,"column":22}},"9":{"start":{"line":10,"column":0},"end":{"line":10,"column":4}},"10":{"start":{"line":11,"column":0},"end":{"line":11,"column":2}},"11":{"start":{"line":12,"column":0},"end":{"line":12,"column":0}},"12":{"start":{"line":13,"column":0},"end":{"line":13,"column":34}}},"s":{"0":1,"1":4,"2":4,"3":4,"4":4,"5":4,"6":4,"7":4,"8":4,"9":4,"10":4,"11":1,"12":1},"branchMap":{"0":{"type":"branch","line":1,"loc":{"start":{"line":1,"column":25},"end":{"line":11,"column":2}},"locations":[{"start":{"line":1,"column":25},"end":{"line":11,"column":2}}]},"1":{"type":"branch","line":2,"loc":{"start":{"line":2,"column":33},"end":{"line":2,"column":38}},"locations":[{"start":{"line":2,"column":33},"end":{"line":2,"column":38}}]},"2":{"type":"branch","line":3,"loc":{"start":{"line":3,"column":35},"end":{"line":3,"column":41}},"locations":[{"start":{"line":3,"column":35},"end":{"line":3,"column":41}}]}},"b":{"0":[4],"1":[0],"2":[0]},"fnMap":{"0":{"name":"paginateResponse","decl":{"start":{"line":1,"column":25},"end":{"line":11,"column":2}},"loc":{"start":{"line":1,"column":25},"end":{"line":11,"column":2}},"line":1}},"f":{"0":4}}
,"/Users/valentynkhaimyk/Desktop/Beauty Room/utils/upload.js": {"path":"/Users/valentynkhaimyk/Desktop/Beauty Room/utils/upload.js","all":false,"statementMap":{"0":{"start":{"line":1,"column":0},"end":{"line":1,"column":33}},"1":{"start":{"line":2,"column":0},"end":{"line":2,"column":29}},"2":{"start":{"line":3,"column":0},"end":{"line":3,"column":0}},"3":{"start":{"line":4,"column":0},"end":{"line":4,"column":21}},"4":{"start":{"line":5,"column":0},"end":{"line":5,"column":36}},"5":{"start":{"line":6,"column":0},"end":{"line":6,"column":26}},"6":{"start":{"line":7,"column":0},"end":{"line":7,"column":32}},"7":{"start":{"line":8,"column":0},"end":{"line":8,"column":51}},"8":{"start":{"line":9,"column":0},"end":{"line":9,"column":4}},"9":{"start":{"line":10,"column":0},"end":{"line":10,"column":3}},"10":{"start":{"line":11,"column":0},"end":{"line":11,"column":0}},"11":{"start":{"line":12,"column":0},"end":{"line":12,"column":48}},"12":{"start":{"line":13,"column":0},"end":{"line":13,"column":23}},"13":{"start":{"line":14,"column":0},"end":{"line":14,"column":19}},"14":{"start":{"line":15,"column":0},"end":{"line":15,"column":34}},"15":{"start":{"line":16,"column":0},"end":{"line":16,"column":37}},"16":{"start":{"line":17,"column":0},"end":{"line":17,"column":35}},"17":{"start":{"line":18,"column":0},"end":{"line":18,"column":51}},"18":{"start":{"line":19,"column":0},"end":{"line":19,"column":6}},"19":{"start":{"line":20,"column":0},"end":{"line":20,"column":51}},"20":{"start":{"line":21,"column":0},"end":{"line":21,"column":30}},"21":{"start":{"line":22,"column":0},"end":{"line":22,"column":28}},"22":{"start":{"line":23,"column":0},"end":{"line":23,"column":12}},"23":{"start":{"line":24,"column":0},"end":{"line":24,"column":36}},"24":{"start":{"line":25,"column":0},"end":{"line":25,"column":5}},"25":{"start":{"line":26,"column":0},"end":{"line":26,"column":4}},"26":{"start":{"line":27,"column":0},"end":{"line":27,"column":3}},"27":{"start":{"line":28,"column":0},"end":{"line":28,"column":0}},"28":{"start":{"line":29,"column":0},"end":{"line":29,"column":24}}},"s":{"0":1,"1":1,"2":1,"3":1,"4":1,"5":1,"6":1,"7":0,"8":0,"9":1,"10":1,"11":1,"12":1,"13":1,"14":1,"15":0,"16":0,"17":0,"18":0,"19":0,"20":0,"21":0,"22":0,"23":0,"24":0,"25":0,"26":1,"27":1,"28":1},"branchMap":{},"b":{},"fnMap":{"0":{"name":"filename","decl":{"start":{"line":7,"column":12},"end":{"line":9,"column":4}},"loc":{"start":{"line":7,"column":12},"end":{"line":9,"column":4}},"line":7},"1":{"name":"fileFilter","decl":{"start":{"line":15,"column":14},"end":{"line":26,"column":4}},"loc":{"start":{"line":15,"column":14},"end":{"line":26,"column":4}},"line":15}},"f":{"0":0,"1":0}}
}
