TN:
SF:controllers/bookings.js
FN:30,validateInput
FN:43,all
FN:72,getBooking
FN:96,add
FN:146,edit
FN:200,remove
FNF:6
FNH:6
FNDA:12,validateInput
FNDA:1,all
FNDA:2,getBooking
FNDA:2,add
FNDA:2,edit
FNDA:2,remove
DA:1,1
DA:2,1
DA:3,1
DA:4,1
DA:5,1
DA:6,1
DA:7,1
DA:8,1
DA:9,1
DA:10,1
DA:11,1
DA:12,1
DA:13,1
DA:14,1
DA:15,1
DA:16,1
DA:17,1
DA:18,1
DA:19,1
DA:20,1
DA:21,1
DA:22,1
DA:23,1
DA:24,1
DA:25,1
DA:26,1
DA:27,1
DA:28,1
DA:29,1
DA:30,1
DA:31,5
DA:32,5
DA:33,1
DA:34,1
DA:35,4
DA:36,4
DA:37,1
DA:38,1
DA:39,1
DA:40,1
DA:41,1
DA:42,1
DA:43,1
DA:44,1
DA:45,1
DA:46,1
DA:47,1
DA:48,1
DA:49,1
DA:50,1
DA:51,1
DA:52,1
DA:53,1
DA:54,1
DA:55,1
DA:56,1
DA:57,1
DA:58,1
DA:59,1
DA:60,1
DA:61,1
DA:62,1
DA:63,0
DA:64,0
DA:65,1
DA:66,1
DA:67,1
DA:68,1
DA:69,1
DA:70,1
DA:71,1
DA:72,1
DA:73,2
DA:74,2
DA:75,2
DA:76,2
DA:77,2
DA:78,2
DA:79,2
DA:80,2
DA:81,2
DA:82,1
DA:83,1
DA:84,1
DA:85,2
DA:86,0
DA:87,0
DA:88,0
DA:89,2
DA:90,1
DA:91,1
DA:92,1
DA:93,1
DA:94,1
DA:95,1
DA:96,1
DA:97,2
DA:98,2
DA:99,2
DA:100,2
DA:101,2
DA:102,2
DA:103,1
DA:104,1
DA:105,1
DA:106,1
DA:107,1
DA:108,1
DA:109,1
DA:110,2
DA:111,0
DA:112,0
DA:113,1
DA:114,1
DA:115,1
DA:116,1
DA:117,1
DA:118,1
DA:119,1
DA:120,1
DA:121,1
DA:122,1
DA:123,1
DA:124,1
DA:125,1
DA:126,1
DA:127,1
DA:128,1
DA:129,1
DA:130,1
DA:131,1
DA:132,1
DA:133,1
DA:134,1
DA:135,2
DA:136,0
DA:137,0
DA:138,0
DA:139,2
DA:140,1
DA:141,1
DA:142,1
DA:143,1
DA:144,1
DA:145,1
DA:146,1
DA:147,2
DA:148,2
DA:149,2
DA:150,2
DA:151,2
DA:152,2
DA:153,0
DA:154,0
DA:155,2
DA:156,2
DA:157,2
DA:158,2
DA:159,2
DA:160,2
DA:161,0
DA:162,0
DA:163,2
DA:164,2
DA:165,2
DA:166,2
DA:167,1
DA:168,1
DA:169,1
DA:170,1
DA:171,1
DA:172,1
DA:173,1
DA:174,1
DA:175,1
DA:176,1
DA:177,1
DA:178,1
DA:179,1
DA:180,1
DA:181,1
DA:182,1
DA:183,1
DA:184,1
DA:185,1
DA:186,1
DA:187,1
DA:188,1
DA:189,2
DA:190,0
DA:191,0
DA:192,0
DA:193,2
DA:194,1
DA:195,1
DA:196,1
DA:197,1
DA:198,1
DA:199,1
DA:200,1
DA:201,2
DA:202,2
DA:203,2
DA:204,2
DA:205,2
DA:206,1
DA:207,1
DA:208,1
DA:209,1
DA:210,1
DA:211,2
DA:212,0
DA:213,0
DA:214,0
DA:215,2
DA:216,1
DA:217,1
DA:218,1
DA:219,1
DA:220,1
DA:221,1
DA:222,1
DA:223,1
LF:223
LH:203
BRDA:30,0,0,12
BRDA:30,1,0,5
BRDA:32,2,0,1
BRDA:34,3,0,4
BRDA:43,4,0,1
BRDA:52,5,0,0
BRDA:58,6,0,0
BRDA:62,7,0,0
BRDA:72,8,0,2
BRDA:81,9,0,1
BRDA:85,10,0,0
BRDA:96,11,0,2
BRDA:102,12,0,1
BRDA:110,13,0,0
BRDA:112,14,0,1
BRDA:135,15,0,0
BRDA:146,16,0,2
BRDA:152,17,0,0
BRDA:160,18,0,0
BRDA:166,19,0,1
BRDA:189,20,0,0
BRDA:200,21,0,2
BRDA:205,22,0,1
BRDA:211,23,0,0
BRF:24
BRH:14
end_of_record
TN:
SF:controllers/categories.js
FN:32,all
FN:64,getCategory
FN:83,add
FN:110,edit
FN:138,remove
FNF:5
FNH:5
FNDA:1,all
FNDA:2,getCategory
FNDA:3,add
FNDA:2,edit
FNDA:2,remove
DA:1,1
DA:2,1
DA:3,1
DA:4,1
DA:5,1
DA:6,1
DA:7,1
DA:8,1
DA:9,1
DA:10,1
DA:11,1
DA:12,1
DA:13,1
DA:14,1
DA:15,1
DA:16,1
DA:17,1
DA:18,1
DA:19,1
DA:20,1
DA:21,1
DA:22,1
DA:23,1
DA:24,1
DA:25,1
DA:26,1
DA:27,1
DA:28,1
DA:29,1
DA:30,1
DA:31,1
DA:32,1
DA:33,1
DA:34,1
DA:35,1
DA:36,1
DA:37,1
DA:38,1
DA:39,1
DA:40,1
DA:41,1
DA:42,1
DA:43,1
DA:44,1
DA:45,1
DA:46,1
DA:47,1
DA:48,1
DA:49,1
DA:50,1
DA:51,1
DA:52,1
DA:53,1
DA:54,0
DA:55,0
DA:56,0
DA:57,1
DA:58,1
DA:59,1
DA:60,1
DA:61,1
DA:62,1
DA:63,1
DA:64,1
DA:65,2
DA:66,2
DA:67,2
DA:68,2
DA:69,1
DA:70,1
DA:71,1
DA:72,2
DA:73,0
DA:74,0
DA:75,0
DA:76,2
DA:77,1
DA:78,1
DA:79,1
DA:80,1
DA:81,1
DA:82,1
DA:83,1
DA:84,3
DA:85,3
DA:86,3
DA:87,3
DA:88,1
DA:89,1
DA:90,2
DA:91,2
DA:92,2
DA:93,2
DA:94,2
DA:95,2
DA:96,2
DA:97,2
DA:98,2
DA:99,1
DA:100,1
DA:101,1
DA:102,1
DA:103,3
DA:104,1
DA:105,1
DA:106,1
DA:107,1
DA:108,1
DA:109,1
DA:110,1
DA:111,2
DA:112,2
DA:113,2
DA:114,2
DA:115,2
DA:116,2
DA:117,2
DA:118,2
DA:119,1
DA:120,1
DA:121,1
DA:122,1
DA:123,1
DA:124,1
DA:125,1
DA:126,1
DA:127,2
DA:128,0
DA:129,0
DA:130,0
DA:131,2
DA:132,1
DA:133,1
DA:134,1
DA:135,1
DA:136,1
DA:137,1
DA:138,1
DA:139,2
DA:140,2
DA:141,2
DA:142,2
DA:143,2
DA:144,2
DA:145,2
DA:146,1
DA:147,1
DA:148,1
DA:149,1
DA:150,1
DA:151,2
DA:152,0
DA:153,0
DA:154,0
DA:155,2
DA:156,1
DA:157,1
DA:158,1
DA:159,1
DA:160,1
DA:161,1
DA:162,1
DA:163,1
LF:163
LH:151
BRDA:32,0,0,1
BRDA:45,1,0,0
BRDA:53,2,0,0
BRDA:64,3,0,2
BRDA:68,4,0,1
BRDA:72,5,0,0
BRDA:83,6,0,3
BRDA:87,7,0,1
BRDA:89,8,0,2
BRDA:98,9,0,1
BRDA:110,10,0,2
BRDA:118,11,0,1
BRDA:127,12,0,0
BRDA:138,13,0,2
BRDA:145,14,0,1
BRDA:151,15,0,0
BRF:16
BRH:11
end_of_record
TN:
SF:controllers/clients.js
FN:25,validateInput
FN:38,all
FN:64,getClient
FN:83,add
FN:101,edit
FN:127,remove
FNF:6
FNH:6
FNDA:12,validateInput
FNDA:1,all
FNDA:2,getClient
FNDA:1,add
FNDA:2,edit
FNDA:2,remove
DA:1,1
DA:2,1
DA:3,1
DA:4,1
DA:5,1
DA:6,1
DA:7,1
DA:8,1
DA:9,1
DA:10,1
DA:11,1
DA:12,1
DA:13,1
DA:14,1
DA:15,1
DA:16,1
DA:17,1
DA:18,1
DA:19,1
DA:20,1
DA:21,1
DA:22,1
DA:23,1
DA:24,1
DA:25,1
DA:26,6
DA:27,6
DA:28,3
DA:29,3
DA:30,3
DA:31,3
DA:32,1
DA:33,1
DA:34,1
DA:35,1
DA:36,1
DA:37,1
DA:38,1
DA:39,1
DA:40,1
DA:41,1
DA:42,1
DA:43,1
DA:44,1
DA:45,1
DA:46,1
DA:47,1
DA:48,1
DA:49,1
DA:50,1
DA:51,1
DA:52,1
DA:53,1
DA:54,0
DA:55,0
DA:56,0
DA:57,1
DA:58,1
DA:59,1
DA:60,1
DA:61,1
DA:62,1
DA:63,1
DA:64,1
DA:65,2
DA:66,2
DA:67,2
DA:68,2
DA:69,1
DA:70,1
DA:71,1
DA:72,2
DA:73,0
DA:74,0
DA:75,0
DA:76,2
DA:77,1
DA:78,1
DA:79,1
DA:80,1
DA:81,1
DA:82,1
DA:83,1
DA:84,1
DA:85,1
DA:86,1
DA:87,1
DA:88,1
DA:89,1
DA:90,1
DA:91,0
DA:92,0
DA:93,0
DA:94,1
DA:95,1
DA:96,1
DA:97,1
DA:98,1
DA:99,1
DA:100,1
DA:101,1
DA:102,2
DA:103,2
DA:104,2
DA:105,2
DA:106,2
DA:107,2
DA:108,1
DA:109,1
DA:110,1
DA:111,1
DA:112,1
DA:113,1
DA:114,1
DA:115,1
DA:116,2
DA:117,0
DA:118,0
DA:119,0
DA:120,2
DA:121,1
DA:122,1
DA:123,1
DA:124,1
DA:125,1
DA:126,1
DA:127,1
DA:128,2
DA:129,2
DA:130,2
DA:131,2
DA:132,2
DA:133,1
DA:134,1
DA:135,1
DA:136,1
DA:137,1
DA:138,2
DA:139,0
DA:140,0
DA:141,0
DA:142,2
DA:143,1
DA:144,1
DA:145,1
DA:146,1
DA:147,1
DA:148,1
DA:149,1
DA:150,1
LF:150
LH:135
BRDA:25,0,0,12
BRDA:25,1,0,6
BRDA:27,2,0,3
BRDA:38,3,0,1
BRDA:53,4,0,0
BRDA:64,5,0,2
BRDA:68,6,0,1
BRDA:72,7,0,0
BRDA:83,8,0,1
BRDA:90,9,0,0
BRDA:101,10,0,2
BRDA:107,11,0,1
BRDA:116,12,0,0
BRDA:127,13,0,2
BRDA:132,14,0,1
BRDA:138,15,0,0
BRF:16
BRH:11
end_of_record
TN:
SF:controllers/reviews.js
FN:26,validateInput
FN:34,validateRelatedEntities
FN:58,all
FN:82,getReview
FN:102,add
FN:138,edit
FN:179,remove
FNF:7
FNH:7
FNDA:12,validateInput
FNDA:2,validateRelatedEntities
FNDA:1,all
FNDA:2,getReview
FNDA:1,add
FNDA:2,edit
FNDA:2,remove
DA:1,1
DA:2,1
DA:3,1
DA:4,1
DA:5,1
DA:6,1
DA:7,1
DA:8,1
DA:9,1
DA:10,1
DA:11,1
DA:12,1
DA:13,1
DA:14,1
DA:15,1
DA:16,1
DA:17,1
DA:18,1
DA:19,1
DA:20,1
DA:21,1
DA:22,1
DA:23,1
DA:24,1
DA:25,1
DA:26,1
DA:27,4
DA:28,4
DA:29,1
DA:30,1
DA:31,3
DA:32,3
DA:33,1
DA:34,1
DA:35,2
DA:36,1
DA:37,1
DA:38,1
DA:39,2
DA:40,1
DA:41,1
DA:42,1
DA:43,1
DA:44,1
DA:45,2
DA:46,2
DA:47,2
DA:48,2
DA:49,2
DA:50,2
DA:51,2
DA:52,1
DA:53,1
DA:54,1
DA:55,1
DA:56,1
DA:57,1
DA:58,1
DA:59,1
DA:60,1
DA:61,1
DA:62,1
DA:63,1
DA:64,1
DA:65,1
DA:66,1
DA:67,1
DA:68,1
DA:69,1
DA:70,1
DA:71,1
DA:72,1
DA:73,0
DA:74,0
DA:75,1
DA:76,1
DA:77,1
DA:78,1
DA:79,1
DA:80,1
DA:81,1
DA:82,1
DA:83,2
DA:84,2
DA:85,2
DA:86,2
DA:87,2
DA:88,2
DA:89,1
DA:90,1
DA:91,1
DA:92,2
DA:93,0
DA:94,0
DA:95,2
DA:96,1
DA:97,1
DA:98,1
DA:99,1
DA:100,1
DA:101,1
DA:102,1
DA:103,1
DA:104,1
DA:105,1
DA:106,1
DA:107,1
DA:108,1
DA:109,1
DA:110,1
DA:111,1
DA:112,1
DA:113,1
DA:114,1
DA:115,1
DA:116,1
DA:117,1
DA:118,1
DA:119,1
DA:120,1
DA:121,1
DA:122,0
DA:123,0
DA:124,0
DA:125,0
DA:126,0
DA:127,0
DA:128,0
DA:129,0
DA:130,0
DA:131,1
DA:132,1
DA:133,1
DA:134,1
DA:135,1
DA:136,1
DA:137,1
DA:138,1
DA:139,2
DA:140,2
DA:141,2
DA:142,2
DA:143,2
DA:144,2
DA:145,2
DA:146,1
DA:147,1
DA:148,1
DA:149,1
DA:150,1
DA:151,1
DA:152,1
DA:153,1
DA:154,1
DA:155,2
DA:156,2
DA:157,2
DA:158,2
DA:159,2
DA:160,2
DA:161,1
DA:162,2
DA:163,0
DA:164,0
DA:165,0
DA:166,0
DA:167,0
DA:168,0
DA:169,0
DA:170,0
DA:171,0
DA:172,2
DA:173,1
DA:174,1
DA:175,1
DA:176,1
DA:177,1
DA:178,1
DA:179,1
DA:180,2
DA:181,2
DA:182,2
DA:183,2
DA:184,2
DA:185,1
DA:186,1
DA:187,1
DA:188,1
DA:189,1
DA:190,2
DA:191,0
DA:192,0
DA:193,2
DA:194,1
DA:195,1
DA:196,1
DA:197,1
DA:198,1
DA:199,1
DA:200,1
DA:201,1
LF:201
LH:177
BRDA:26,0,0,12
BRDA:26,1,0,4
BRDA:28,2,0,1
BRDA:30,3,0,3
BRDA:34,4,0,2
BRDA:35,5,0,1
BRDA:37,6,0,0
BRDA:39,7,0,1
BRDA:43,8,0,0
BRDA:49,9,0,0
BRDA:58,10,0,1
BRDA:72,11,0,0
BRDA:82,12,0,2
BRDA:88,13,0,1
BRDA:92,14,0,0
BRDA:102,15,0,1
BRDA:121,16,0,0
BRDA:138,17,0,2
BRDA:145,18,0,1
BRDA:155,19,0,0
BRDA:156,20,0,1
BRDA:157,21,0,0
BRDA:160,22,0,1
BRDA:162,23,0,0
BRDA:179,24,0,2
BRDA:184,25,0,1
BRDA:190,26,0,0
BRF:27
BRH:17
end_of_record
TN:
SF:controllers/services.js
FN:34,all
FN:55,service
FN:72,add
FN:98,edit
FN:127,remove
FNF:5
FNH:5
FNDA:2,all
FNDA:2,service
FNDA:1,add
FNDA:2,edit
FNDA:2,remove
DA:1,1
DA:2,1
DA:3,1
DA:4,1
DA:5,1
DA:6,1
DA:7,1
DA:8,1
DA:9,1
DA:10,1
DA:11,1
DA:12,1
DA:13,1
DA:14,1
DA:15,1
DA:16,1
DA:17,1
DA:18,1
DA:19,1
DA:20,1
DA:21,1
DA:22,1
DA:23,1
DA:24,1
DA:25,1
DA:26,1
DA:27,1
DA:28,1
DA:29,1
DA:30,1
DA:31,1
DA:32,1
DA:33,1
DA:34,1
DA:35,2
DA:36,2
DA:37,2
DA:38,1
DA:39,1
DA:40,1
DA:41,1
DA:42,1
DA:43,1
DA:44,1
DA:45,1
DA:46,2
DA:47,0
DA:48,0
DA:49,2
DA:50,1
DA:51,1
DA:52,1
DA:53,1
DA:54,1
DA:55,1
DA:56,2
DA:57,2
DA:58,2
DA:59,2
DA:60,1
DA:61,1
DA:62,1
DA:63,2
DA:64,0
DA:65,0
DA:66,2
DA:67,1
DA:68,1
DA:69,1
DA:70,1
DA:71,1
DA:72,1
DA:73,1
DA:74,1
DA:75,1
DA:76,1
DA:77,1
DA:78,1
DA:79,1
DA:80,1
DA:81,1
DA:82,1
DA:83,1
DA:84,1
DA:85,1
DA:86,1
DA:87,1
DA:88,1
DA:89,1
DA:90,0
DA:91,0
DA:92,1
DA:93,1
DA:94,1
DA:95,1
DA:96,1
DA:97,1
DA:98,1
DA:99,2
DA:100,2
DA:101,2
DA:102,2
DA:103,2
DA:104,2
DA:105,2
DA:106,1
DA:107,1
DA:108,1
DA:109,1
DA:110,1
DA:111,1
DA:112,1
DA:113,1
DA:114,2
DA:115,2
DA:116,2
DA:117,1
DA:118,2
DA:119,0
DA:120,0
DA:121,2
DA:122,1
DA:123,1
DA:124,1
DA:125,1
DA:126,1
DA:127,1
DA:128,2
DA:129,2
DA:130,2
DA:131,2
DA:132,1
DA:133,1
DA:134,1
DA:135,1
DA:136,2
DA:137,0
DA:138,0
DA:139,2
DA:140,1
DA:141,1
DA:142,1
DA:143,1
DA:144,1
DA:145,1
DA:146,1
DA:147,1
LF:147
LH:137
BRDA:34,0,0,2
BRDA:37,1,0,1
BRDA:37,2,0,1
BRDA:37,3,0,1
BRDA:37,4,0,1
BRDA:46,5,0,0
BRDA:55,6,0,2
BRDA:59,7,0,1
BRDA:63,8,0,0
BRDA:72,9,0,1
BRDA:75,10,0,0
BRDA:84,11,0,0
BRDA:85,12,0,0
BRDA:89,13,0,0
BRDA:98,14,0,2
BRDA:105,15,0,1
BRDA:114,16,0,0
BRDA:114,17,0,1
BRDA:115,18,0,0
BRDA:115,19,0,1
BRDA:116,20,0,1
BRDA:118,21,0,0
BRDA:127,22,0,2
BRDA:131,23,0,1
BRDA:136,24,0,0
BRF:25
BRH:15
end_of_record
TN:
SF:controllers/users.js
FN:22,generateToken
FN:24,login
FN:61,register
FN:117,current
FN:126,getAll
FN:146,edit
FN:186,remove
FNF:7
FNH:7
FNDA:2,generateToken
FNDA:4,login
FNDA:5,register
FNDA:1,current
FNDA:4,getAll
FNDA:4,edit
FNDA:1,remove
DA:1,1
DA:2,1
DA:3,1
DA:4,1
DA:5,1
DA:6,1
DA:7,1
DA:8,1
DA:9,1
DA:10,1
DA:11,1
DA:12,1
DA:13,1
DA:14,1
DA:15,1
DA:16,1
DA:17,1
DA:18,1
DA:19,1
DA:20,1
DA:21,1
DA:22,1
DA:23,1
DA:24,1
DA:25,4
DA:26,4
DA:27,3
DA:28,3
DA:29,4
DA:30,0
DA:31,0
DA:32,3
DA:33,3
DA:34,3
DA:35,3
DA:36,3
DA:37,3
DA:38,2
DA:39,2
DA:40,4
DA:41,4
DA:42,4
DA:43,1
DA:44,1
DA:45,1
DA:46,1
DA:47,1
DA:48,1
DA:49,1
DA:50,1
DA:51,1
DA:52,4
DA:53,2
DA:54,2
DA:55,4
DA:56,1
DA:57,1
DA:58,1
DA:59,1
DA:60,1
DA:61,1
DA:62,5
DA:63,5
DA:64,4
DA:65,5
DA:66,5
DA:67,0
DA:68,0
DA:69,4
DA:70,4
DA:71,4
DA:72,4
DA:73,4
DA:74,4
DA:75,5
DA:76,1
DA:77,1
DA:78,3
DA:79,3
DA:80,3
DA:81,3
DA:82,3
DA:83,3
DA:84,3
DA:85,3
DA:86,3
DA:87,3
DA:88,3
DA:89,3
DA:90,1
DA:91,1
DA:92,5
DA:93,0
DA:94,0
DA:95,1
DA:96,1
DA:97,1
DA:98,1
DA:99,1
DA:100,1
DA:101,1
DA:102,1
DA:103,5
DA:104,0
DA:105,0
DA:106,5
DA:107,2
DA:108,2
DA:109,5
DA:110,1
DA:111,1
DA:112,1
DA:113,1
DA:114,1
DA:115,1
DA:116,1
DA:117,1
DA:118,1
DA:119,1
DA:120,1
DA:121,1
DA:122,1
DA:123,1
DA:124,1
DA:125,1
DA:126,1
DA:127,4
DA:128,4
DA:129,4
DA:130,4
DA:131,4
DA:132,4
DA:133,4
DA:134,4
DA:135,3
DA:136,4
DA:137,1
DA:138,1
DA:139,4
DA:140,1
DA:141,1
DA:142,1
DA:143,1
DA:144,1
DA:145,1
DA:146,1
DA:147,4
DA:148,4
DA:149,4
DA:150,4
DA:151,4
DA:152,4
DA:153,1
DA:154,1
DA:155,2
DA:156,2
DA:157,4
DA:158,4
DA:159,4
DA:160,2
DA:161,2
DA:162,2
DA:163,2
DA:164,2
DA:165,2
DA:166,2
DA:167,2
DA:168,2
DA:169,2
DA:170,2
DA:171,2
DA:172,2
DA:173,2
DA:174,2
DA:175,2
DA:176,4
DA:177,1
DA:178,1
DA:179,4
DA:180,1
DA:181,1
DA:182,1
DA:183,1
DA:184,1
DA:185,1
DA:186,1
DA:187,1
DA:188,1
DA:189,1
DA:190,1
DA:191,1
DA:192,0
DA:193,0
DA:194,1
DA:195,1
DA:196,1
DA:197,1
DA:198,0
DA:199,0
DA:200,1
DA:201,1
DA:202,1
DA:203,1
DA:204,1
DA:205,1
DA:206,1
DA:207,1
DA:208,1
DA:209,1
LF:209
LH:197
BRDA:22,0,0,2
BRDA:24,1,0,4
BRDA:26,2,0,1
BRDA:26,3,0,3
BRDA:29,4,0,0
BRDA:31,5,0,3
BRDA:37,6,0,2
BRDA:42,7,0,2
BRDA:42,8,0,1
BRDA:52,9,0,2
BRDA:61,10,0,5
BRDA:63,11,0,1
BRDA:63,12,0,4
BRDA:65,13,0,0
BRDA:65,14,0,4
BRDA:66,15,0,4
BRDA:66,16,0,4
BRDA:66,17,0,0
BRDA:68,18,0,4
BRDA:75,19,0,1
BRDA:77,20,0,3
BRDA:89,21,0,1
BRDA:92,22,0,0
BRDA:94,23,0,1
BRDA:103,24,0,0
BRDA:106,25,0,2
BRDA:117,26,0,1
BRDA:126,27,0,4
BRDA:134,28,0,3
BRDA:136,29,0,1
BRDA:146,30,0,4
BRDA:149,31,0,0
BRDA:151,32,0,3
BRDA:152,33,0,1
BRDA:154,34,0,2
BRDA:157,35,0,1
BRDA:157,36,0,2
BRDA:158,37,0,1
BRDA:158,38,0,2
BRDA:159,39,0,0
BRDA:159,40,0,2
BRDA:176,41,0,1
BRDA:186,42,0,1
BRDA:191,43,0,0
BRDA:197,44,0,0
BRF:45
BRH:36
end_of_record
TN:
SF:models/services.js
FN:3,getAllServices
FN:12,getServiceById
FN:16,createService
FN:20,updateService
FN:24,deleteService
FNF:5
FNH:0
FNDA:0,getAllServices
FNDA:0,getServiceById
FNDA:0,createService
FNDA:0,updateService
FNDA:0,deleteService
DA:1,1
DA:2,1
DA:3,1
DA:4,0
DA:5,0
DA:6,0
DA:7,0
DA:8,0
DA:9,0
DA:10,0
DA:11,1
DA:12,1
DA:13,0
DA:14,0
DA:15,1
DA:16,1
DA:17,0
DA:18,0
DA:19,1
DA:20,1
DA:21,0
DA:22,0
DA:23,1
DA:24,1
DA:25,0
DA:26,0
DA:27,1
DA:28,1
DA:29,1
DA:30,1
DA:31,1
DA:32,1
DA:33,1
DA:34,1
LF:34
LH:19
BRF:0
BRH:0
end_of_record
TN:
SF:routes/bookings.js
FNF:0
FNH:0
DA:1,1
DA:2,1
DA:3,1
DA:4,1
DA:5,1
DA:6,1
DA:7,1
DA:8,1
DA:9,1
DA:10,1
DA:11,1
DA:12,1
DA:13,1
DA:14,1
DA:15,1
DA:16,1
DA:17,1
LF:17
LH:17
BRF:0
BRH:0
end_of_record
TN:
SF:routes/categories.js
FNF:0
FNH:0
DA:1,1
DA:2,1
DA:3,1
DA:4,1
DA:5,1
DA:6,1
DA:7,1
DA:8,1
DA:9,1
DA:10,1
DA:11,1
DA:12,1
DA:13,1
DA:14,1
DA:15,1
DA:16,1
DA:17,1
DA:18,1
LF:18
LH:18
BRF:0
BRH:0
end_of_record
TN:
SF:routes/clients.js
FNF:0
FNH:0
DA:1,1
DA:2,1
DA:3,1
DA:4,1
DA:5,1
DA:6,1
DA:7,1
DA:8,1
DA:9,1
DA:10,1
DA:11,1
DA:12,1
DA:13,1
DA:14,1
DA:15,1
DA:16,1
DA:17,1
LF:17
LH:17
BRF:0
BRH:0
end_of_record
TN:
SF:routes/reviews.js
FNF:0
FNH:0
DA:1,1
DA:2,1
DA:3,1
DA:4,1
DA:5,1
DA:6,1
DA:7,1
DA:8,1
DA:9,1
DA:10,1
DA:11,1
DA:12,1
DA:13,1
DA:14,1
DA:15,1
DA:16,1
DA:17,1
LF:17
LH:17
BRF:0
BRH:0
end_of_record
TN:
SF:routes/services.js
FNF:0
FNH:0
DA:1,1
DA:2,1
DA:3,1
DA:4,1
DA:5,1
DA:6,1
DA:7,1
DA:8,1
DA:9,1
DA:10,1
DA:11,1
DA:12,1
DA:13,1
DA:14,1
DA:15,1
DA:16,1
DA:17,1
DA:18,1
LF:18
LH:18
BRF:0
BRH:0
end_of_record
TN:
SF:routes/users.js
FNF:0
FNH:0
DA:1,1
DA:2,1
DA:3,1
DA:4,1
DA:5,1
DA:6,1
DA:7,1
DA:8,1
DA:9,1
DA:10,1
DA:11,1
DA:12,1
DA:13,1
DA:14,1
DA:15,1
DA:16,1
DA:17,1
DA:18,1
DA:19,1
DA:20,1
DA:21,1
DA:22,1
DA:23,1
DA:24,1
DA:25,1
LF:25
LH:25
BRF:0
BRH:0
end_of_record
TN:
SF:utils/constants.js
FNF:0
FNH:0
DA:1,1
DA:2,1
DA:3,1
DA:4,1
DA:5,1
DA:6,1
DA:7,1
DA:8,1
DA:9,1
DA:10,1
DA:11,1
DA:12,1
DA:13,1
DA:14,1
DA:15,1
DA:16,1
DA:17,1
DA:18,1
DA:19,1
DA:20,1
DA:21,1
DA:22,1
DA:23,1
DA:24,1
DA:25,1
DA:26,1
DA:27,1
DA:28,1
DA:29,1
DA:30,1
DA:31,1
DA:32,1
DA:33,1
DA:34,1
DA:35,1
DA:36,1
DA:37,1
DA:38,1
DA:39,1
DA:40,1
DA:41,1
DA:42,1
DA:43,1
DA:44,1
DA:45,1
DA:46,1
LF:46
LH:46
BRF:0
BRH:0
end_of_record
TN:
SF:utils/pagination.js
FN:1,paginateResponse
FNF:1
FNH:1
FNDA:4,paginateResponse
DA:1,1
DA:2,4
DA:3,4
DA:4,4
DA:5,4
DA:6,4
DA:7,4
DA:8,4
DA:9,4
DA:10,4
DA:11,4
DA:12,1
DA:13,1
LF:13
LH:13
BRDA:1,0,0,4
BRDA:2,1,0,0
BRDA:3,2,0,0
BRF:3
BRH:1
end_of_record
TN:
SF:utils/upload.js
FN:7,filename
FN:15,fileFilter
FNF:2
FNH:0
FNDA:0,filename
FNDA:0,fileFilter
DA:1,1
DA:2,1
DA:3,1
DA:4,1
DA:5,1
DA:6,1
DA:7,1
DA:8,0
DA:9,0
DA:10,1
DA:11,1
DA:12,1
DA:13,1
DA:14,1
DA:15,1
DA:16,0
DA:17,0
DA:18,0
DA:19,0
DA:20,0
DA:21,0
DA:22,0
DA:23,0
DA:24,0
DA:25,0
DA:26,0
DA:27,1
DA:28,1
DA:29,1
LF:29
LH:16
BRF:0
BRH:0
end_of_record
